MPASM 5.71                     ALUDECODE.ASM   6-19-2023  0:16:59         PAGE  1


LOC  OBJECT CODE     LINE SOURCE TEXT
  VALUE

                      00001  #include "p18F4450.inc"    
                      00001         LIST
                      00002 
                      00003 ;==========================================================================
                      00004 ; Build date : Nov 17 2016
                      00005 ;  MPASM PIC18F4450 processor include
                      00006 ; 
                      00007 ;  (c) Copyright 1999-2016 Microchip Technology, All rights reserved
                      00008 ;==========================================================================
                      00009 
Message[301]: MESSAGE: (Processor-header file mismatch.  Verify selected processor.)
                      01455         LIST
                      00002   
                      00003   ; CONFIG1L
                      00004   CONFIG  PLLDIV = 1            ; PLL Prescaler Selection bits (No prescale (4 MHz oscillator input driv
                            es PLL directly))
                      00005   CONFIG  CPUDIV = OSC1_PLL2    ; System Clock Postscaler Selection bits ([Primary Oscillator Src: /1][9
                            6 MHz PLL Src: /2])
                      00006   CONFIG  USBDIV = 1            ; USB Clock Selection bit (used in Full-Speed USB mode only; UCFG:FSEN =
                             1) (USB clock source comes directly from the primary oscillator block with no postscale)
                      00007 
                      00008 ; CONFIG1H
                      00009   CONFIG  FOSC = INTOSCIO_EC    ; Oscillator Selection bits (Internal oscillator, port function on RA6, 
                            EC used by USB (INTIO))
                      00010   CONFIG  FCMEN = OFF           ; Fail-Safe Clock Monitor Enable bit (Fail-Safe Clock Monitor disabled)
                      00011   CONFIG  IESO = OFF            ; Internal/External Oscillator Switchover bit (Oscillator Switchover mod
                            e disabled)
                      00012 
                      00013 ; CONFIG2L
                      00014   CONFIG  PWRT = ON             ; Power-up Timer Enable bit (PWRT enabled)
                      00015   CONFIG  BOR = OFF             ; Brown-out Reset Enable bits (Brown-out Reset disabled in hardware and 
                            software)
                      00016   CONFIG  BORV = 3              ; Brown-out Reset Voltage bits (Minimum setting)
                      00017   CONFIG  VREGEN = OFF          ; USB Voltage Regulator Enable bit (USB voltage regulator disabled)
                      00018 
                      00019 ; CONFIG2H
                      00020   CONFIG  WDT = OFF             ; Watchdog Timer Enable bit (WDT disabled (control is placed on the SWDT
                            EN bit))
                      00021   CONFIG  WDTPS = 32768         ; Watchdog Timer Postscale Select bits (1:3276?
                      00022 
                      00023 ; CONFIG3H
                      00024   CONFIG  CCP2MX = ON           ; CCP2 MUX bit (CCP2 input/output is multiplexed with RC1)
                      00025   CONFIG  PBADEN = OFF          ; PORTB A/D Enable bit (PORTB<4:0> pins are configured as digital I/O on
                             Reset)
                      00026   CONFIG  LPT1OSC = OFF         ; Low-Power Timer 1 Oscillator Enable bit (Timer1 configured for higher 
                            power operation)
                      00027   CONFIG  MCLRE = ON            ; MCLR Pin Enable bit (MCLR pin enabled; RE3 input pin disabled)
                      00028 
                      00029 ; CONFIG4L
                      00030   CONFIG  STVREN = ON           ; Stack Full/Underflow Reset Enable bit (Stack full/underflow will cause
                             Reset)
                      00031   CONFIG  LVP = OFF             ; Single-Supply ICSP Enable bit (Single-Supply ICSP disabled)
                      00032   CONFIG  ICPRT = OFF           ; Dedicated In-Circuit Debug/Programming Port (ICPORT) Enable bit (ICPOR
MPASM 5.71                     ALUDECODE.ASM   6-19-2023  0:16:59         PAGE  2


LOC  OBJECT CODE     LINE SOURCE TEXT
  VALUE

                            T disabled)
                      00033   CONFIG  XINST = OFF           ; Extended Instruction Set Enable bit (Instruction set extension and Ind
                            exed Addressing mode disabled (Legacy mode))
                      00034 
                      00035 ; CONFIG5L
                      00036   CONFIG  CP0 = OFF             ; Code Protection bit (Block 0 (000800-001FFFh) is not code-protected)
                      00037   CONFIG  CP1 = OFF             ; Code Protection bit (Block 1 (002000-003FFFh) is not code-protected)
                      00038   CONFIG  CP2 = OFF             ; Code Protection bit (Block 2 (004000-005FFFh) is not code-protected)
                      00039 
                      00040 ; CONFIG5H
                      00041   CONFIG  CPB = OFF             ; Boot Block Code Protection bit (Boot block (000000-0007FFh) is not cod
                            e-protected)
                      00042   CONFIG  CPD = OFF             ; Data EEPROM Code Protection bit (Data EEPROM is not code-protected)
                      00043 
                      00044 ; CONFIG6L
                      00045   CONFIG  WRT0 = OFF            ; Write Protection bit (Block 0 (000800-001FFFh) is not write-protected)
                      00046   CONFIG  WRT1 = OFF            ; Write Protection bit (Block 1 (002000-003FFFh) is not write-protected)
                      00047   CONFIG  WRT2 = OFF            ; Write Protection bit (Block 2 (004000-005FFFh) is not write-protected)
                      00048 
                      00049 ; CONFIG6H
                      00050   CONFIG  WRTC = OFF            ; Configuration Register Write Protection bit (Configuration registers (
                            300000-3000FFh) are not write-protected)
                      00051   CONFIG  WRTB = OFF            ; Boot Block Write Protection bit (Boot block (000000-0007FFh) is not wr
                            ite-protected)
                      00052   CONFIG  WRTD = OFF            ; Data EEPROM Write Protection bit (Data EEPROM is not write-protected)
                      00053 
                      00054 ; CONFIG7L
                      00055   CONFIG  EBTR0 = OFF           ; Table Read Protection bit (Block 0 (000800-001FFFh) is not protected f
                            rom table reads executed in other blocks)
000000                00056 ?
                      00057   
                      00058 ;Display de 7 segmentos catodocomun  
                      00059 #DEFINE CERO B'0111111'
                      00060 #DEFINE UNO B'00000110'
                      00061 #DEFINE DOS B'01011011'
                      00062 #DEFINE TRES B'01001111'
                      00063 #DEFINE CUATRO B'01100110'
                      00064 #DEFINE CINCO B'01101101'
                      00065 #DEFINE SEIS B'01111101'
                      00066 #DEFINE SIETE B'01000111'
                      00067 #DEFINE OCHO B'01111111'
                      00068 #DEFINE NUEVE B'01100111'
                      00069 
                      00070   #DEFINE ENTRADAX .1
                      00071   #DEFINE ENTRADAY .0
                      00072   
                      00073   #DEFINE SW0 PORTA,0 ;Definimos a switch 0 como entrada de puerto 0
                      00074   #DEFINE SW1 PORTA,1 ;Definimos a switch 1 como entrada de puerto 0
                      00075   
                      00076   ORG .0
                      00077   
000000 EF?? F???      00078   GOTO CONFIGURAR
                      00079   
MPASM 5.71                     ALUDECODE.ASM   6-19-2023  0:16:59         PAGE  3


LOC  OBJECT CODE     LINE SOURCE TEXT
  VALUE

Warning[207]: Found label after column 1. (TABLA)
000004                00080   TABLA
000004 26F9           00081     ADDWF PCL,F ;PCL lee instrucciones posteriores a la actual (2)
000006 0C3F           00082     RETLW CERO  ;Regresamos el valor de la literal en W
000008 0C06           00083     RETLW UNO
00000A 0C5B           00084     RETLW DOS
00000C 0C4F           00085     RETLW TRES
00000E 0C66           00086     RETLW CUATRO
000010 0C6D           00087     RETLW CINCO
000012 0C7D           00088     RETLW SEIS
000014 0C47           00089     RETLW SIETE
000016 0C7F           00090     RETLW OCHO
000018 0C67           00091     RETLW NUEVE
                      00092     
Warning[207]: Found label after column 1. (CONFIGURAR)
00001A                00093   CONFIGURAR
00001A 0E0F           00094   MOVLW     .15
00001C 6EC1           00095   MOVWF     ADCON1
00001E 0E07           00096   MOVLW     .7
                      00097   
000020 0EFF           00098   MOVLW     B'11111111'
000022 6E92           00099   MOVWF     TRISA
000024 6A8A           00100   CLRF LATB
000026 6A93           00101   CLRF TRISB
                      00102   
Warning[207]: Found label after column 1. (MAIN)
000028                00103   MAIN
                      00104   
000028 CF80 F000      00105   MOVFF PORTA,ENTRADAY ;NUESTRO PUERTO A ES IGUAL A LA ENTRADA Y
00002C 0E0C           00106   MOVLW B'00001100'
00002E 1600           00107   ANDWF ENTRADAY,F ;GUARDAMOS LA ENTRADA Y EN UN REGISTRO F
                      00108                    ;MACARA1
                      00109   
000030 4200           00110   RRNCF ENTRADAY,F ;Movemos hacia la derecha el valor de nuestro archivo
                      00111                    ;00000110
000032 4200           00112   RRNCF ENTRADAY,F ;Movemos hacia la derecha el valor de nuestro archivo
                      00113                    ;00000011
                      00114 
000034 CF80 F001      00115   MOVFF PORTA,ENTRADAX
000038 0E30           00116   MOVLW B'00110000'
00003A 1601           00117   ANDWF ENTRADAX,F
                      00118   
00003C 4200           00119   RRNCF ENTRADAY,F ;Movemos hacia la derecha el valor de nuestro archivo
                      00120                    ;00110000
00003E 4200           00121   RRNCF ENTRADAY,F ;Movemos hacia la derecha el valor de nuestro archivo
                      00122                    ;00011000
000040 4200           00123   RRNCF ENTRADAY,F ;Movemos hacia la derecha el valor de nuestro archivo
                      00124                    ;00000110
000042 4200           00125   RRNCF ENTRADAY,F ;Movemos hacia la derecha el valor de nuestro archivo
                      00126                    ;00000011
                      00127                    
000044 A280           00128   BTFSS SW1 ;Vale 1 ?
000046 EF?? F???      00129   GOTO Switch0_0 ;No
MPASM 5.71                     ALUDECODE.ASM   6-19-2023  0:16:59         PAGE  4


LOC  OBJECT CODE     LINE SOURCE TEXT
  VALUE

00004A EF?? F???      00130   GOTO Switch0_1 ;Si
                      00131   
Warning[207]: Found label after column 1. (Switch0_0)
00004E                00132   Switch0_0
00004E A080           00133   BTFSS SW0 ;Vale 1?
000050 EF?? F???      00134   GOTO SUMA ;0
000054 EF?? F???      00135   GOTO RESTA;1
                      00136   
Warning[207]: Found label after column 1. (Switch0_1)
000058                00137   Switch0_1
000058 A280           00138   BTFSS SW1 ;Vale 1?
00005A EF?? F???      00139   GOTO MULTIPLIC ;0
00005E EF?? F???      00140   GOTO NAH;1
                      00141   
Warning[207]: Found label after column 1. (SUMA)
000062                00142   SUMA ;OPERACION DE SUMA
000062 5000           00143         MOVF        ENTRADAY,W ;Movemos Entraday a W
000064 2401           00144         ADDWF       ENTRADAX,W ;Sumamos
                      00145         
000066 EF?? F???      00146         GOTO       DECODIFIACION1 ;Vamos a decodificacion
                      00147         
Warning[207]: Found label after column 1. (RESTA)
00006A                00148  RESTA
00006A 5000           00149  MOVF       ENTRADAY,W ;Movemos Entraday a W            
00006C 5C01           00150  SUBWF      ENTRADAX,W ;Restamos     
00006E B0D8           00151  BTFSC      STATUS,C ;Revisamos si tenemos carry     
000070 EF?? F???      00152  GOTO       DECODIFIACION1  ;No     
000074 EF?? F???      00153  GOTO       NEGATIVO   ;Si  
                      00154         
                      00155         
                      00156 
Warning[207]: Found label after column 1. (MULTIPLIC)
000078                00157  MULTIPLIC
000078 5000           00158         MOVF        ENTRADAY,W ;Movemos Entraday a W
00007A 0201           00159         MULWF       ENTRADAX   ;Multiplicamos
00007C EF?? F???      00160         GOTO        DECODIFIACION2 ;vamos a deco2
                      00161 
Warning[207]: Found label after column 1. (NAH)
000080                00162  NAH ;Aqui no hacemos nada
000080 6A8A           00163         CLRF LATB ;LIMPIAMOS PUERTO B
                      00164         
                      00165         
Warning[207]: Found label after column 1. (DECODIFIACION1)
000082                00166  DECODIFIACION1 
000082 44E8           00167         RLNCF WREG,W ;Rotamos hacia la izquierda sin carry para multiplicar por 2
000084 EC?? F???      00168         CALL TABLA  ;Llamamos a los valores de la tabla
000088 6E8A           00169         MOVWF LATB ;Guardamos en latb en w
00008A EF?? F???      00170         GOTO MAIN
                      00171 
Warning[207]: Found label after column 1. (DECODIFIACION2)
00008E                00172  DECODIFIACION2 ;Para multiplicacion
00008E 44F3           00173         RLNCF PRODL,W ;Rotamos hacia la izquierda sin carry para multiplicar por 2
000090 EC?? F???      00174         CALL TABLA  ;Llamamos a los valores de la tabla
MPASM 5.71                     ALUDECODE.ASM   6-19-2023  0:16:59         PAGE  5


LOC  OBJECT CODE     LINE SOURCE TEXT
  VALUE

000094 6E8C           00175         MOVWF LATD  ;Guardamos en latb en w
000096 EF?? F???      00176         GOTO MAIN
                      00177         
Warning[207]: Found label after column 1. (NEGATIVO)
00009A                00178  NEGATIVO
00009A 8E8C           00179         BSF LATD,7 ;Creamos una salida para dar negativo
00009C 6CE8           00180         NEGF WREG ;Volvemos el resultado en positivo
00009E EF?? F???      00181         GOTO  DECODIFIACION1 
                      00182      
                      00183         END
MPASM 5.71                     ALUDECODE.ASM   6-19-2023  0:16:59         PAGE  6


SYMBOL TABLE
  LABEL                             VALUE 

?                                 00000000
A                                 00000000
ABDEN                             00000000
ABDOVF                            00000007
ACCESS                            00000000
ACQT0                             00000003
ACQT1                             00000004
ACQT2                             00000005
ACTVIE                            00000002
ACTVIF                            00000002
ADCON0                            00000FC2
ADCON1                            00000FC1
ADCON2                            00000FC0
ADCS0                             00000000
ADCS1                             00000001
ADCS2                             00000002
ADDEN                             00000003
ADDR0                             00000000
ADDR1                             00000001
ADDR2                             00000002
ADDR3                             00000003
ADDR4                             00000004
ADDR5                             00000005
ADDR6                             00000006
ADEN                              00000003
ADFM                              00000007
ADIE                              00000006
ADIF                              00000006
ADIP                              00000006
ADON                              00000000
ADRES                             00000FC3
ADRESH                            00000FC4
ADRESL                            00000FC3
AN0                               00000000
AN1                               00000001
AN10                              00000001
AN11                              00000004
AN12                              00000000
AN2                               00000002
AN3                               00000003
AN4                               00000005
AN5                               00000000
AN6                               00000001
AN7                               00000002
AN8                               00000002
AN9                               00000003
BANKED                            00000001
BAUDCON                           00000FB8
BAUDCTL                           00000FB8
BGST                              00000005
BOR                               00000000
BRG16                             00000003
BRGH                              00000002
MPASM 5.71                     ALUDECODE.ASM   6-19-2023  0:16:59         PAGE  7


SYMBOL TABLE
  LABEL                             VALUE 

BSR                               00000FE0
BTOEE                             00000004
BTOEF                             00000004
BTSEE                             00000007
BTSEF                             00000007
C                                 00000000
CCP1                              00000002
CCP1CON                           00000FBD
CCP1IE                            00000002
CCP1IF                            00000002
CCP1IP                            00000002
CCP1M0                            00000000
CCP1M1                            00000001
CCP1M2                            00000002
CCP1M3                            00000003
CCPR1                             00000FBE
CCPR1H                            00000FBF
CCPR1L                            00000FBE
CERO                              B'0111111'
CFGS                              00000006
CHS0                              00000002
CHS1                              00000003
CHS2                              00000004
CHS3                              00000005
CINCO                             B'01101101'
CK                                00000006
CONFIGURAR                        0000001A
CRC16EE                           00000002
CRC16EF                           00000002
CRC5EE                            00000001
CRC5EF                            00000001
CREN                              00000004
CSRC                              00000007
CUATRO                            B'01100110'
DC                                00000001
DC1B0                             00000004
DC1B1                             00000005
DDRA                              TRISA
DDRB                              TRISB
DDRC                              TRISC
DDRD                              TRISD
DDRE                              TRISE
DECODIFIACION1                    00000082
DECODIFIACION2                    0000008E
DFN8EE                            00000003
DFN8EF                            00000003
DIR                               00000002
DONE                              00000001
DOS                               B'01011011'
EECON1                            00000FA6
EECON2                            00000FA7
ENDP0                             00000003
ENDP1                             00000004
MPASM 5.71                     ALUDECODE.ASM   6-19-2023  0:16:59         PAGE  8


SYMBOL TABLE
  LABEL                             VALUE 

ENDP2                             00000005
ENDP3                             00000006
ENTRADAX                          .1
ENTRADAY                          .0
EPCONDIS                          00000003
EPHSHK                            00000004
EPINEN                            00000001
EPOUTEN                           00000002
EPSTALL                           00000000
FAST                              00000001
FERR                              00000002
FREE                              00000004
FRM0                              00000000
FRM1                              00000001
FRM10                             00000002
FRM2                              00000002
FRM3                              00000003
FRM4                              00000004
FRM5                              00000005
FRM6                              00000006
FRM7                              00000007
FRM8                              00000000
FRM9                              00000001
FSEN                              00000002
FSR0                              00000000
FSR0H                             00000FEA
FSR0L                             00000FE9
FSR1                              00000001
FSR1H                             00000FE2
FSR1L                             00000FE1
FSR2                              00000002
FSR2H                             00000FDA
FSR2L                             00000FD9
GIE                               00000007
GIEH                              00000007
GIEL                              00000006
GIE_GIEH                          00000007
GO                                00000001
GO_DONE                           00000001
GO_NOT_DONE                       00000001
HLVDCON                           00000FD2
HLVDEN                            00000004
HLVDIE                            00000002
HLVDIF                            00000002
HLVDIN                            00000005
HLVDIP                            00000002
HLVDL0                            00000000
HLVDL1                            00000001
HLVDL2                            00000002
HLVDL3                            00000003
IDLEIE                            00000004
IDLEIF                            00000004
IDLEN                             00000007
MPASM 5.71                     ALUDECODE.ASM   6-19-2023  0:16:59         PAGE  9


SYMBOL TABLE
  LABEL                             VALUE 

INDF0                             00000FEF
INDF1                             00000FE7
INDF2                             00000FDF
INT0                              00000000
INT0E                             00000004
INT0F                             00000001
INT0IE                            00000004
INT0IF                            00000001
INT1                              00000001
INT1E                             00000003
INT1F                             00000000
INT1IE                            00000003
INT1IF                            00000000
INT1IP                            00000006
INT1P                             00000006
INT2                              00000002
INT2E                             00000004
INT2F                             00000001
INT2IE                            00000004
INT2IF                            00000001
INT2IP                            00000007
INT2P                             00000007
INTCON                            00000FF2
INTCON2                           00000FF1
INTCON3                           00000FF0
INTEDG0                           00000006
INTEDG1                           00000005
INTEDG2                           00000004
IPEN                              00000007
IPR1                              00000F9F
IPR2                              00000FA2
IRVST                             00000005
IVRST                             00000005
KBI0                              00000004
KBI1                              00000005
KBI2                              00000006
KBI3                              00000007
LATA                              00000F89
LATA0                             00000000
LATA1                             00000001
LATA2                             00000002
LATA3                             00000003
LATA4                             00000004
LATA5                             00000005
LATA6                             00000006
LATB                              00000F8A
LATB0                             00000000
LATB1                             00000001
LATB2                             00000002
LATB3                             00000003
LATB4                             00000004
LATB5                             00000005
LATB6                             00000006
MPASM 5.71                     ALUDECODE.ASM   6-19-2023  0:16:59         PAGE 10


SYMBOL TABLE
  LABEL                             VALUE 

LATB7                             00000007
LATC                              00000F8B
LATC0                             00000000
LATC1                             00000001
LATC2                             00000002
LATC6                             00000006
LATC7                             00000007
LATD                              00000F8C
LATD0                             00000000
LATD1                             00000001
LATD2                             00000002
LATD3                             00000003
LATD4                             00000004
LATD5                             00000005
LATD6                             00000006
LATD7                             00000007
LATE                              00000F8D
LATE0                             00000000
LATE1                             00000001
LATE2                             00000002
LVDCON                            00000FD2
LVDEN                             00000004
LVDIE                             00000002
LVDIF                             00000002
LVDIN                             00000005
LVDIP                             00000002
LVDL0                             00000000
LVDL1                             00000001
LVDL2                             00000002
LVDL3                             00000003
LVV0                              00000000
LVV1                              00000001
LVV2                              00000002
LVV3                              00000003
MAIN                              00000028
MULTIPLIC                         00000078
N                                 00000004
NAH                               00000080
NEGATIVO                          0000009A
NOT_BOR                           00000000
NOT_DONE                          00000001
NOT_IPEN                          00000007
NOT_PD                            00000002
NOT_POR                           00000001
NOT_RBPU                          00000007
NOT_RI                            00000004
NOT_T1SYNC                        00000002
NOT_TO                            00000003
NOT_UOE                           00000001
NUEVE                             B'01100111'
OCHO                              B'01111111'
OERR                              00000001
OSC2                              00000006
MPASM 5.71                     ALUDECODE.ASM   6-19-2023  0:16:59         PAGE 11


SYMBOL TABLE
  LABEL                             VALUE 

OSCCON                            00000FD3
OSCFIE                            00000007
OSCFIF                            00000007
OSCFIP                            00000007
OSTS                              00000003
OV                                00000003
P1A                               00000002
PC                                00000FF9
PCFG0                             00000000
PCFG1                             00000001
PCFG2                             00000002
PCFG3                             00000003
PCL                               00000FF9
PCLATH                            00000FFA
PCLATU                            00000FFB
PD                                00000002
PEIE                              00000006
PEIE_GIEL                         00000006
PGC                               00000006
PGD                               00000007
PGM                               00000005
PIDEE                             00000000
PIDEF                             00000000
PIE1                              00000F9D
PIE2                              00000FA0
PIR1                              00000F9E
PIR2                              00000FA1
PKTDIS                            00000004
PLUSW0                            00000FEB
PLUSW1                            00000FE3
PLUSW2                            00000FDB
POR                               00000001
PORTA                             00000F80
PORTB                             00000F81
PORTC                             00000F82
PORTD                             00000F83
PORTE                             00000F84
POSTDEC0                          00000FED
POSTDEC1                          00000FE5
POSTDEC2                          00000FDD
POSTINC0                          00000FEE
POSTINC1                          00000FE6
POSTINC2                          00000FDE
PPB0                              00000000
PPB1                              00000001
PPBI                              00000001
PPBRST                            00000006
PR2                               00000FCB
PREINC0                           00000FEC
PREINC1                           00000FE4
PREINC2                           00000FDC
PROD                              00000FF3
PRODH                             00000FF4
MPASM 5.71                     ALUDECODE.ASM   6-19-2023  0:16:59         PAGE 12


SYMBOL TABLE
  LABEL                             VALUE 

PRODL                             00000FF3
PSA                               00000003
RA0                               00000000
RA1                               00000001
RA2                               00000002
RA3                               00000003
RA4                               00000004
RA5                               00000005
RA6                               00000006
RB0                               00000000
RB1                               00000001
RB2                               00000002
RB3                               00000003
RB4                               00000004
RB5                               00000005
RB6                               00000006
RB7                               00000007
RBIE                              00000003
RBIF                              00000000
RBIP                              00000000
RBPU                              00000007
RC0                               00000000
RC1                               00000001
RC2                               00000002
RC4                               00000004
RC5                               00000005
RC6                               00000006
RC7                               00000007
RCIDL                             00000006
RCIE                              00000005
RCIF                              00000005
RCIP                              00000005
RCMT                              00000006
RCON                              00000FD0
RCREG                             00000FAE
RCSTA                             00000FAB
RCV                               00000004
RD0                               00000000
RD1                               00000001
RD16                              00000007
RD2                               00000002
RD3                               00000003
RD4                               00000004
RD5                               00000005
RD6                               00000006
RD7                               00000007
RE0                               00000000
RE1                               00000001
RE2                               00000002
RE3                               00000003
RESTA                             0000006A
RESUME                            00000002
RI                                00000004
MPASM 5.71                     ALUDECODE.ASM   6-19-2023  0:16:59         PAGE 13


SYMBOL TABLE
  LABEL                             VALUE 

RX                                00000007
RX9                               00000006
RX9D                              00000000
RXDTP                             00000005
SBOREN                            00000006
SCKP                              00000004
SCS0                              00000000
SCS1                              00000001
SE0                               00000005
SEIS                              B'01111101'
SENDB                             00000003
SIETE                             B'01000111'
SOFIE                             00000006
SOFIF                             00000006
SPBRG                             00000FAF
SPBRGH                            00000FB0
SPEN                              00000007
SREN                              00000005
STALLIE                           00000005
STALLIF                           00000005
STATUS                            00000FD8
STKFUL                            00000007
STKOVF                            00000007
STKPTR                            00000FFC
STKPTR0                           00000000
STKPTR1                           00000001
STKPTR2                           00000002
STKPTR3                           00000003
STKPTR4                           00000004
STKUNF                            00000006
SUMA                              00000062
SUSPND                            00000001
SW0                               PORTA,0
SW1                               PORTA,1
SWDTE                             00000000
SWDTEN                            00000000
SYNC                              00000004
Switch0_0                         0000004E
Switch0_1                         00000058
T08BIT                            00000006
T0CKI                             00000004
T0CON                             00000FD5
T0CS                              00000005
T0IE                              00000005
T0IF                              00000002
T0IP                              00000002
T0PS0                             00000000
T0PS1                             00000001
T0PS2                             00000002
T0SE                              00000004
T1CKI                             00000000
T1CKPS0                           00000004
T1CKPS1                           00000005
MPASM 5.71                     ALUDECODE.ASM   6-19-2023  0:16:59         PAGE 14


SYMBOL TABLE
  LABEL                             VALUE 

T1CON                             00000FCD
T1OSCEN                           00000003
T1OSI                             00000001
T1OSO                             00000000
T1RUN                             00000006
T1SYNC                            00000002
T2CKPS0                           00000000
T2CKPS1                           00000001
T2CON                             00000FCA
T2OUTPS0                          00000003
T2OUTPS1                          00000004
T2OUTPS2                          00000005
T2OUTPS3                          00000006
TABLA                             00000004
TABLAT                            00000FF5
TBLPTR                            00000FF6
TBLPTRH                           00000FF7
TBLPTRL                           00000FF6
TBLPTRU                           00000FF8
TMR0                              00000FD6
TMR0H                             00000FD7
TMR0IE                            00000005
TMR0IF                            00000002
TMR0IP                            00000002
TMR0L                             00000FD6
TMR0ON                            00000007
TMR1                              00000FCE
TMR1CS                            00000001
TMR1H                             00000FCF
TMR1IE                            00000000
TMR1IF                            00000000
TMR1IP                            00000000
TMR1L                             00000FCE
TMR1ON                            00000000
TMR2                              00000FCC
TMR2IE                            00000001
TMR2IF                            00000001
TMR2IP                            00000001
TMR2ON                            00000002
TO                                00000003
TOS                               00000FFD
TOSH                              00000FFE
TOSL                              00000FFD
TOSU                              00000FFF
TRES                              B'01001111'
TRISA                             00000F92
TRISA0                            00000000
TRISA1                            00000001
TRISA2                            00000002
TRISA3                            00000003
TRISA4                            00000004
TRISA5                            00000005
TRISA6                            00000006
MPASM 5.71                     ALUDECODE.ASM   6-19-2023  0:16:59         PAGE 15


SYMBOL TABLE
  LABEL                             VALUE 

TRISB                             00000F93
TRISB0                            00000000
TRISB1                            00000001
TRISB2                            00000002
TRISB3                            00000003
TRISB4                            00000004
TRISB5                            00000005
TRISB6                            00000006
TRISB7                            00000007
TRISC                             00000F94
TRISC0                            00000000
TRISC1                            00000001
TRISC2                            00000002
TRISC6                            00000006
TRISC7                            00000007
TRISD                             00000F95
TRISD0                            00000000
TRISD1                            00000001
TRISD2                            00000002
TRISD3                            00000003
TRISD4                            00000004
TRISD5                            00000005
TRISD6                            00000006
TRISD7                            00000007
TRISE                             00000F96
TRISE0                            00000000
TRISE1                            00000001
TRISE2                            00000002
TRMT                              00000001
TRNIE                             00000003
TRNIF                             00000003
TX                                00000006
TX9                               00000006
TX9D                              00000000
TXCKP                             00000004
TXEN                              00000005
TXIE                              00000004
TXIF                              00000004
TXIP                              00000004
TXREG                             00000FAD
TXSTA                             00000FAC
UADDR                             00000F6E
UCFG                              00000F6F
UCON                              00000F6D
UEIE                              00000F6B
UEIR                              00000F6A
UEP0                              00000F70
UEP1                              00000F71
UEP10                             00000F7A
UEP11                             00000F7B
UEP12                             00000F7C
UEP13                             00000F7D
UEP14                             00000F7E
MPASM 5.71                     ALUDECODE.ASM   6-19-2023  0:16:59         PAGE 16


SYMBOL TABLE
  LABEL                             VALUE 

UEP15                             00000F7F
UEP2                              00000F72
UEP3                              00000F73
UEP4                              00000F74
UEP5                              00000F75
UEP6                              00000F76
UEP7                              00000F77
UEP8                              00000F78
UEP9                              00000F79
UERRIE                            00000001
UERRIF                            00000001
UFRM                              00000F66
UFRMH                             00000F67
UFRML                             00000F66
UIE                               00000F69
UIR                               00000F68
UNO                               B'00000110'
UOE                               00000001
UOEMON                            00000006
UPUEN                             00000004
URSTIE                            00000000
URSTIF                            00000000
USBEN                             00000003
USBIE                             00000005
USBIF                             00000005
USBIP                             00000005
USTAT                             00000F6C
UTEYE                             00000007
UTRDIS                            00000003
VCFG0                             00000004
VCFG1                             00000005
VDIRMAG                           00000007
VMO                               00000002
VPO                               00000003
VREFM                             00000002
VREFP                             00000003
W                                 00000000
WDTCON                            00000FD1
WR                                00000001
WREG                              00000FE8
WREN                              00000002
WRERR                             00000003
WUE                               00000001
Z                                 00000002
_BBSIZ_BB1K_4L                    000000F7
_BBSIZ_BB2K_4L                    000000FF
_BORV_21_2L                       000000FF
_BORV_28_2L                       000000F7
_BORV_43_2L                       000000EF
_BORV_46_2L                       000000E7
_BOR_OFF_2L                       000000F9
_BOR_ON_2L                        000000FF
_BOR_ON_ACTIVE_2L                 000000FD
MPASM 5.71                     ALUDECODE.ASM   6-19-2023  0:16:59         PAGE 17


SYMBOL TABLE
  LABEL                             VALUE 

_BOR_SOFT_2L                      000000FB
_CONFIG1H                         00300001
_CONFIG1L                         00300000
_CONFIG2H                         00300003
_CONFIG2L                         00300002
_CONFIG3H                         00300005
_CONFIG4L                         00300006
_CONFIG5H                         00300009
_CONFIG5L                         00300008
_CONFIG6H                         0030000B
_CONFIG6L                         0030000A
_CONFIG7H                         0030000D
_CONFIG7L                         0030000C
_CP0_OFF_5L                       000000FF
_CP0_ON_5L                        000000FE
_CP1_OFF_5L                       000000FF
_CP1_ON_5L                        000000FD
_CPB_OFF_5H                       000000FF
_CPB_ON_5H                        000000BF
_CPUDIV_OSC1_PLL2_1L              000000E7
_CPUDIV_OSC2_PLL3_1L              000000EF
_CPUDIV_OSC3_PLL4_1L              000000F7
_CPUDIV_OSC4_PLL6_1L              000000FF
_DEBUG_OFF_4L                     000000FF
_DEBUG_ON_4L                      0000007F
_DEVID1                           003FFFFE
_DEVID2                           003FFFFF
_EBTR0_OFF_7L                     000000FF
_EBTR0_ON_7L                      000000FE
_EBTR1_OFF_7L                     000000FF
_EBTR1_ON_7L                      000000FD
_EBTRB_OFF_7H                     000000FF
_EBTRB_ON_7H                      000000BF
_FCMEN_OFF_1H                     000000BF
_FCMEN_ON_1H                      000000FF
_FOSC_ECIO_EC_1H                  000000F4
_FOSC_ECPLLIO_EC_1H               000000F6
_FOSC_ECPLL_EC_1H                 000000F7
_FOSC_EC_EC_1H                    000000F5
_FOSC_HSPLL_HS_1H                 000000FE
_FOSC_HS_1H                       000000FC
_FOSC_INTOSCIO_EC_1H              000000F8
_FOSC_INTOSC_EC_1H                000000F9
_FOSC_INTOSC_HS_1H                000000FB
_FOSC_INTOSC_XT_1H                000000FA
_FOSC_XTPLL_XT_1H                 000000F2
_FOSC_XT_XT_1H                    000000F0
_ICPRT_OFF_4L                     000000DF
_ICPRT_ON_4L                      000000FF
_IDLOC0                           00200000
_IDLOC1                           00200001
_IDLOC2                           00200002
_IDLOC3                           00200003
MPASM 5.71                     ALUDECODE.ASM   6-19-2023  0:16:59         PAGE 18


SYMBOL TABLE
  LABEL                             VALUE 

_IDLOC4                           00200004
_IDLOC5                           00200005
_IDLOC6                           00200006
_IDLOC7                           00200007
_IESO_OFF_1H                      0000007F
_IESO_ON_1H                       000000FF
_LPT1OSC_OFF_3H                   000000FB
_LPT1OSC_ON_3H                    000000FF
_LVP_OFF_4L                       000000FB
_LVP_ON_4L                        000000FF
_MCLRE_OFF_3H                     0000007F
_MCLRE_ON_3H                      000000FF
_PBADEN_OFF_3H                    000000FD
_PBADEN_ON_3H                     000000FF
_PLLDIV_10_1L                     000000FE
_PLLDIV_12_1L                     000000FF
_PLLDIV_1_1L                      000000F8
_PLLDIV_2_1L                      000000F9
_PLLDIV_3_1L                      000000FA
_PLLDIV_4_1L                      000000FB
_PLLDIV_5_1L                      000000FC
_PLLDIV_6_1L                      000000FD
_PWRT_OFF_2L                      000000FF
_PWRT_ON_2L                       000000FE
_STVREN_OFF_4L                    000000FE
_STVREN_ON_4L                     000000FF
_USBDIV_1_1L                      000000DF
_USBDIV_2_1L                      000000FF
_VREGEN_OFF_2L                    000000DF
_VREGEN_ON_2L                     000000FF
_WDTPS_1024_2H                    000000F5
_WDTPS_128_2H                     000000EF
_WDTPS_16384_2H                   000000FD
_WDTPS_16_2H                      000000E9
_WDTPS_1_2H                       000000E1
_WDTPS_2048_2H                    000000F7
_WDTPS_256_2H                     000000F1
_WDTPS_2_2H                       000000E3
_WDTPS_32768_2H                   000000FF
_WDTPS_32_2H                      000000EB
_WDTPS_4096_2H                    000000F9
_WDTPS_4_2H                       000000E5
_WDTPS_512_2H                     000000F3
_WDTPS_64_2H                      000000ED
_WDTPS_8192_2H                    000000FB
_WDTPS_8_2H                       000000E7
_WDT_OFF_2H                       000000FE
_WDT_ON_2H                        000000FF
_WRT0_OFF_6L                      000000FF
_WRT0_ON_6L                       000000FE
_WRT1_OFF_6L                      000000FF
_WRT1_ON_6L                       000000FD
_WRTB_OFF_6H                      000000FF
MPASM 5.71                     ALUDECODE.ASM   6-19-2023  0:16:59         PAGE 19


SYMBOL TABLE
  LABEL                             VALUE 

_WRTB_ON_6H                       000000BF
_WRTC_OFF_6H                      000000FF
_WRTC_ON_6H                       000000DF
_XINST_OFF_4L                     000000BF
_XINST_ON_4L                      000000FF
__18F4550                         00000001

Errors   :     0
Warnings :    12 reported,     0 suppressed
Messages :     1 reported,     0 suppressed

