MPASM 5.71                   MULTIPLEXOR.ASM   6-19-2023  1:41:49         PAGE  1


LOC  OBJECT CODE     LINE SOURCE TEXT
  VALUE

                      00001   #include "p18F4450.inc"    
                      00001         LIST
                      00002 
                      00003 ;==========================================================================
                      00004 ; Build date : Nov 17 2016
                      00005 ;  MPASM PIC18F4450 processor include
                      00006 ; 
                      00007 ;  (c) Copyright 1999-2016 Microchip Technology, All rights reserved
                      00008 ;==========================================================================
                      00009 
Message[301]: MESSAGE: (Processor-header file mismatch.  Verify selected processor.)
                      01455         LIST
                      00002   
                      00003   ; CONFIG1L
                      00004   CONFIG  PLLDIV = 1            ; PLL Prescaler Selection bits (No prescale (4 MHz oscillator input driv
                            es PLL directly))
                      00005   CONFIG  CPUDIV = OSC1_PLL2    ; System Clock Postscaler Selection bits ([Primary Oscillator Src: /1][9
                            6 MHz PLL Src: /2])
                      00006   CONFIG  USBDIV = 1            ; USB Clock Selection bit (used in Full-Speed USB mode only; UCFG:FSEN =
                             1) (USB clock source comes directly from the primary oscillator block with no postscale)
                      00007 
                      00008 ; CONFIG1H
                      00009   CONFIG  FOSC = INTOSCIO_EC    ; Oscillator Selection bits (Internal oscillator, port function on RA6, 
                            EC used by USB (INTIO))
                      00010   CONFIG  FCMEN = OFF           ; Fail-Safe Clock Monitor Enable bit (Fail-Safe Clock Monitor disabled)
                      00011   CONFIG  IESO = OFF            ; Internal/External Oscillator Switchover bit (Oscillator Switchover mod
                            e disabled)
                      00012 
                      00013 ; CONFIG2L
                      00014   CONFIG  PWRT = ON             ; Power-up Timer Enable bit (PWRT enabled)
                      00015   CONFIG  BOR = OFF             ; Brown-out Reset Enable bits (Brown-out Reset disabled in hardware and 
                            software)
                      00016   CONFIG  BORV = 3              ; Brown-out Reset Voltage bits (Minimum setting)
                      00017   CONFIG  VREGEN = OFF          ; USB Voltage Regulator Enable bit (USB voltage regulator disabled)
                      00018 
                      00019 ; CONFIG2H
                      00020   CONFIG  WDT = OFF             ; Watchdog Timer Enable bit (WDT disabled (control is placed on the SWDT
                            EN bit))
                      00021   CONFIG  WDTPS = 32768         ; Watchdog Timer Postscale Select bits (1:3276?
                      00022 
                      00023 ; CONFIG3H
                      00024   CONFIG  CCP2MX = ON           ; CCP2 MUX bit (CCP2 input/output is multiplexed with RC1)
                      00025   CONFIG  PBADEN = OFF          ; PORTB A/D Enable bit (PORTB<4:0> pins are configured as digital I/O on
                             Reset)
                      00026   CONFIG  LPT1OSC = OFF         ; Low-Power Timer 1 Oscillator Enable bit (Timer1 configured for higher 
                            power operation)
                      00027   CONFIG  MCLRE = ON            ; MCLR Pin Enable bit (MCLR pin enabled; RE3 input pin disabled)
                      00028 
                      00029 ; CONFIG4L
                      00030   CONFIG  STVREN = ON           ; Stack Full/Underflow Reset Enable bit (Stack full/underflow will cause
                             Reset)
                      00031   CONFIG  LVP = OFF             ; Single-Supply ICSP Enable bit (Single-Supply ICSP disabled)
                      00032   CONFIG  ICPRT = OFF           ; Dedicated In-Circuit Debug/Programming Port (ICPORT) Enable bit (ICPOR
MPASM 5.71                   MULTIPLEXOR.ASM   6-19-2023  1:41:49         PAGE  2


LOC  OBJECT CODE     LINE SOURCE TEXT
  VALUE

                            T disabled)
                      00033   CONFIG  XINST = OFF           ; Extended Instruction Set Enable bit (Instruction set extension and Ind
                            exed Addressing mode disabled (Legacy mode))
                      00034 
                      00035 ; CONFIG5L
                      00036   CONFIG  CP0 = OFF             ; Code Protection bit (Block 0 (000800-001FFFh) is not code-protected)
                      00037   CONFIG  CP1 = OFF             ; Code Protection bit (Block 1 (002000-003FFFh) is not code-protected)
                      00038   CONFIG  CP2 = OFF             ; Code Protection bit (Block 2 (004000-005FFFh) is not code-protected)
                      00039 
                      00040 ; CONFIG5H
                      00041   CONFIG  CPB = OFF             ; Boot Block Code Protection bit (Boot block (000000-0007FFh) is not cod
                            e-protected)
                      00042   CONFIG  CPD = OFF             ; Data EEPROM Code Protection bit (Data EEPROM is not code-protected)
                      00043 
                      00044 ; CONFIG6L
                      00045   CONFIG  WRT0 = OFF            ; Write Protection bit (Block 0 (000800-001FFFh) is not write-protected)
                      00046   CONFIG  WRT1 = OFF            ; Write Protection bit (Block 1 (002000-003FFFh) is not write-protected)
                      00047   CONFIG  WRT2 = OFF            ; Write Protection bit (Block 2 (004000-005FFFh) is not write-protected)
                      00048 
                      00049 ; CONFIG6H
                      00050   CONFIG  WRTC = OFF            ; Configuration Register Write Protection bit (Configuration registers (
                            300000-3000FFh) are not write-protected)
                      00051   CONFIG  WRTB = OFF            ; Boot Block Write Protection bit (Boot block (000000-0007FFh) is not wr
                            ite-protected)
                      00052   CONFIG  WRTD = OFF            ; Data EEPROM Write Protection bit (Data EEPROM is not write-protected)
                      00053 
                      00054 ; CONFIG7L
                      00055   CONFIG  EBTR0 = OFF           ; Table Read Protection bit (Block 0 (000800-001FFFh) is not protected f
                            rom table reads executed in other blocks)
000000                00056 ?
                      00057     
                      00058     #DEFINE CERO   B'00111111'
                      00059     #DEFINE UNO    B'00000110'
                      00060     #DEFINE DOS    B'01011011'
                      00061     #DEFINE TRES   B'01001111'
                      00062     #DEFINE CUATRO B'01100110'
                      00063     #DEFINE CINCO  B'01101101'
                      00064     #DEFINE SEIS   B'01111101'
                      00065     #DEFINE SIETE  B'01000111'
                      00066     #DEFINE OCHO   B'01111111'
                      00067     #DEFINE NUEVE  B'01100111'
                      00068     #DEFINE DIEZ   B'01110111'
                      00069     #DEFINE DOCE   B'00111001'
                      00070     #DEFINE CATORCE  B'01111001'
                      00071     
                      00072     #DEFINE DATOA B'00000111'
                      00073     #DEFINE BOTONA PORTA,RA2 ;Pausa
                      00074     #DEFINE BOTONB PORTA,RA1 ;Reset
                      00075     #DEFINE BOTONC PORTA,RA0 ;Par o impar
                      00076   
                      00077  CBLOCK .12
  0000000C            00078     I
  0000000D            00079     J
MPASM 5.71                   MULTIPLEXOR.ASM   6-19-2023  1:41:49         PAGE  3


LOC  OBJECT CODE     LINE SOURCE TEXT
  VALUE

                      00080  ENDC
                      00081      
                      00082     ORG .0  ;DIREC DE LA MEM PROG DONDE SE ESCRIBE 
                      00083             ;LA PRIMER INSTRUCCION
Warning[203]: Found opcode in column 1. (BRA)
000000 D???           00084 BRA SETTINGS
                      00085             
000002                00086 DELAY_100mS ;Espera de 100 mili segundos
Warning[202]: Argument out of range.  Least significant bits used.
000002 0EE8           00087     MOVLW   .1000       ;1CM Movemos 64 a W
000004 6E0D           00088     MOVWF   J   ;1CM Guardamos W en nuestro registro VAL
000006                00089 DELAY_1mS
000006 0E51           00090     MOVLW   .81 ;M(1CM)
000008 6E0C           00091     MOVWF   I   ;M(1 CM)
00000A 0000           00092     NOP         ;M(1CM)
00000C                00093 OTRA
00000C 2E0C           00094     DECFSZ  I,F ;Decrementamos F hasta que sea 0 
                      00095                 ;OCUPAMOS F PARA GUARDAR EN EL MISMO REGISTRO
00000E EF?? F???      00096     GOTO    OTRA;Vamos hasta otra
000012 2E0D           00097     DECFSZ  J,F ;Decrementamos F hasta que Sea 0
000014 EF?? F???      00098     GOTO    DELAY_1mS;(2CM(M-1))
000018 0012           00099     RETURN      ;2CM   
                      00100     
00001A                00101 PAUSA
00001A A480           00102     BTFSS BOTONA ;Esta en pausa ?
00001C 0012           00103     RETURN ;No
00001E EF?? F???      00104     GOTO PAUSA; Si
                      00105     
000022                00106 SETTINGS
000022 6A80           00107     CLRF PORTA
000024 6892           00108     SETF TRISA ;Abrimos todos los puertos
000026 0E0F           00109     MOVLW .15
000028 6EC1           00110     MOVWF ADCON1    ;Digitalizamos
00002A 0E07           00111     MOVLW .7       
00002C 6A93           00112     CLRF  TRISB      
00002E 6A8A           00113     CLRF  LATB    
000030 6AE8           00114     CLRF  WREG
                      00115     
000032                00116 MAIN
000032 A080           00117     BTFSS BOTONC ;BOTONC ES 1?
000034 EF?? F???      00118     GOTO PARES;No
000038 EF?? F???      00119     GOTO IMPARES;Si
                      00120     
00003C                00121 IMPARES
00003C A080           00122     BTFSS BOTONC ;BOTONC ES 1?
00003E EF?? F???      00123     GOTO PARES;No
000042 EF?? F???      00124     GOTO UNO_2;Si
                      00125     
000046                00126 PARES
000046 A080           00127     BTFSS BOTONC ;BOTONC ES 1?
000048 EF?? F???      00128     GOTO CATORCE_1;No
00004C EF?? F???      00129     GOTO IMPARES;Si
                      00130 
MPASM 5.71                   MULTIPLEXOR.ASM   6-19-2023  1:41:49         PAGE  4


LOC  OBJECT CODE     LINE SOURCE TEXT
  VALUE

000050                00131 CATORCE_1
000050 B480           00132     BTFSC BOTONA ;No esta pausado?
000052 EC?? F???      00133     CALL  PAUSA ;No
000056 B280           00134     BTFSC BOTONB ; No esta reseteado?
000058 EF?? F???      00135     GOTO PARES ;No
00005C 0E79           00136     MOVLW   CATORCE  ;Si
00005E 6E8A           00137     MOVWF   LATB
000060 EC?? F???      00138     CALL    DELAY_100mS 
000064 EC?? F???      00139     CALL    DELAY_100mS
                      00140     
000068 A080           00141     BTFSS BOTONC ;Es 1?
00006A EF?? F???      00142     GOTO DOCE_1 ;No
00006E EF?? F???      00143     GOTO IMPARES ;Si
                      00144     
000072                00145 DOCE_1
000072 B480           00146     BTFSC BOTONA ;No esta pausado?
000074 EC?? F???      00147     CALL  PAUSA ;No
000078 B280           00148     BTFSC BOTONB ; No esta reseteado?
00007A EF?? F???      00149     GOTO PARES ;No
00007E 0E39           00150     MOVLW   DOCE  ;Si
000080 6E8A           00151     MOVWF   LATB
000082 EC?? F???      00152     CALL    DELAY_100mS 
000086 EC?? F???      00153     CALL    DELAY_100mS
                      00154     
00008A A080           00155     BTFSS BOTONC ;ES 1?
00008C EF?? F???      00156     GOTO DIEZ_1;NO
000090 EF?? F???      00157     GOTO IMPARES;SI
                      00158 
000094                00159 DIEZ_1
000094 B480           00160     BTFSC BOTONA ;No esta pausado?
000096 EC?? F???      00161     CALL  PAUSA ;No
00009A B280           00162     BTFSC BOTONB ; No esta reseteado?
00009C EF?? F???      00163     GOTO PARES ;No
0000A0 0E77           00164     MOVLW   DIEZ  ;Si
0000A2 6E8A           00165     MOVWF   LATB
0000A4 EC?? F???      00166     CALL    DELAY_100mS 
0000A8 EC?? F???      00167     CALL    DELAY_100mS
                      00168     
0000AC A080           00169     BTFSS BOTONC ;Es 1?
0000AE EF?? F???      00170     GOTO OCHO_1 ;No
0000B2 EF?? F???      00171     GOTO IMPARES ;Si
                      00172 
0000B6                00173 OCHO_1
0000B6 B480           00174     BTFSC BOTONA ;No esta pausado?
0000B8 EC?? F???      00175     CALL  PAUSA ;No
0000BC B280           00176     BTFSC BOTONB ; No esta reseteado?
0000BE EF?? F???      00177     GOTO PARES ;No
0000C2 0E7F           00178     MOVLW   OCHO  ;Si
0000C4 6E8A           00179     MOVWF   LATB
0000C6 EC?? F???      00180     CALL    DELAY_100mS 
0000CA EC?? F???      00181     CALL    DELAY_100mS
                      00182     
0000CE A080           00183     BTFSS BOTONC ;Es 1?
MPASM 5.71                   MULTIPLEXOR.ASM   6-19-2023  1:41:49         PAGE  5


LOC  OBJECT CODE     LINE SOURCE TEXT
  VALUE

0000D0 EF?? F???      00184     GOTO SEIS_1 ;No
0000D4 EF?? F???      00185     GOTO IMPARES ;Si
                      00186     
0000D8                00187 SEIS_1
0000D8 B480           00188     BTFSC BOTONA ;No esta pausado?
0000DA EC?? F???      00189     CALL  PAUSA ;No
0000DE B280           00190     BTFSC BOTONB ; No esta reseteado?
0000E0 EF?? F???      00191     GOTO PARES ;No
0000E4 0E7D           00192     MOVLW   SEIS  ;Si
0000E6 6E8A           00193     MOVWF   LATB
0000E8 EC?? F???      00194     CALL    DELAY_100mS 
0000EC EC?? F???      00195     CALL    DELAY_100mS
                      00196     
0000F0 A080           00197     BTFSS BOTONC ;Es 1?
0000F2 EF?? F???      00198     GOTO CUATRO_1 ;No
0000F6 EF?? F???      00199     GOTO IMPARES ;Si
                      00200     
0000FA                00201 CUATRO_1
0000FA B480           00202     BTFSC BOTONA ;No esta pausado?
0000FC EC?? F???      00203     CALL  PAUSA ;No
000100 B280           00204     BTFSC BOTONB ; No esta reseteado?
000102 EF?? F???      00205     GOTO PARES ;No
000106 0E66           00206     MOVLW   CUATRO  ;Si
000108 6E8A           00207     MOVWF   LATB
00010A EC?? F???      00208     CALL    DELAY_100mS 
00010E EC?? F???      00209     CALL    DELAY_100mS
                      00210     
000112 A080           00211     BTFSS BOTONC ;Es 1?
000114 EF?? F???      00212     GOTO DOS_1 ;No
000118 EF?? F???      00213     GOTO IMPARES ;Si
                      00214     
00011C                00215 DOS_1
00011C B480           00216     BTFSC BOTONA ;No esta pausado?
00011E EC?? F???      00217     CALL  PAUSA ;No
000122 B280           00218     BTFSC BOTONB ; No esta reseteado?
000124 EF?? F???      00219     GOTO PARES ;No
000128 0E5B           00220     MOVLW   DOS  ;Si
00012A 6E8A           00221     MOVWF   LATB
00012C EC?? F???      00222     CALL    DELAY_100mS 
000130 EC?? F???      00223     CALL    DELAY_100mS
                      00224     
000134 A080           00225     BTFSS BOTONC ;Es 1?
000136 EF?? F???      00226     GOTO CERO_1 ;No
00013A EF?? F???      00227     GOTO IMPARES ;Si
                      00228    
00013E                00229 CERO_1
00013E B480           00230     BTFSC BOTONA ;No esta pausado?
000140 EC?? F???      00231     CALL  PAUSA ;No
000144 B280           00232     BTFSC BOTONB ; No esta reseteado?
000146 EF?? F???      00233     GOTO PARES ;No
00014A 0E3F           00234     MOVLW   CERO  ;Si
00014C 6E8A           00235     MOVWF   LATB
00014E EC?? F???      00236     CALL    DELAY_100mS 
MPASM 5.71                   MULTIPLEXOR.ASM   6-19-2023  1:41:49         PAGE  6


LOC  OBJECT CODE     LINE SOURCE TEXT
  VALUE

000152 EC?? F???      00237     CALL    DELAY_100mS
000156 EF?? F???      00238     GOTO MAIN ;No
                      00239     
                      00240 ;IMPAREEEEEEEESSSSSSSSSSSSSSSSSSS
                      00241     
00015A                00242 UNO_2
00015A B480           00243     BTFSC BOTONA ;No esta pausado?
00015C EC?? F???      00244     CALL  PAUSA ;No
000160 B280           00245     BTFSC BOTONB ; No esta reseteado?
000162 EF?? F???      00246     GOTO PARES ;No
000166 0E06           00247     MOVLW   UNO  ;Si
000168 6E8A           00248     MOVWF   LATB
00016A EC?? F???      00249     CALL    DELAY_100mS 
00016E EC?? F???      00250     CALL    DELAY_100mS
                      00251     
000172 A080           00252     BTFSS BOTONC ;Es 1?
000174 EF?? F???      00253     GOTO PARES ;No
000178 EF?? F???      00254     GOTO TRES_2 ;Si
                      00255     
00017C                00256 TRES_2
00017C B480           00257     BTFSC BOTONA ;No esta pausado?
00017E EC?? F???      00258     CALL  PAUSA ;No
000182 B280           00259     BTFSC BOTONB ; No esta reseteado?
000184 EF?? F???      00260     GOTO PARES ;No
000188 0E4F           00261     MOVLW   TRES  ;Si
00018A 6E8A           00262     MOVWF   LATB
00018C EC?? F???      00263     CALL    DELAY_100mS 
000190 EC?? F???      00264     CALL    DELAY_100mS
                      00265     
000194 A080           00266     BTFSS BOTONC ;Es 1?
000196 EF?? F???      00267     GOTO PARES ;No
00019A EF?? F???      00268     GOTO CINCO_2 ;Si
                      00269     
00019E                00270 CINCO_2
00019E B480           00271     BTFSC BOTONA ;No esta pausado?
0001A0 EC?? F???      00272     CALL  PAUSA ;No
0001A4 B280           00273     BTFSC BOTONB ; No esta reseteado?
0001A6 EF?? F???      00274     GOTO PARES ;No
0001AA 0E6D           00275     MOVLW   CINCO  ;Si
0001AC 6E8A           00276     MOVWF   LATB
0001AE EC?? F???      00277     CALL    DELAY_100mS 
0001B2 EC?? F???      00278     CALL    DELAY_100mS
                      00279     
0001B6 A080           00280     BTFSS BOTONC ;Es 1?
0001B8 EF?? F???      00281     GOTO PARES ;No
0001BC EF?? F???      00282     GOTO SIETE_2 ;Si
                      00283     
0001C0                00284 SIETE_2
0001C0 B480           00285     BTFSC BOTONA ;No esta pausado?
0001C2 EC?? F???      00286     CALL  PAUSA ;No
0001C6 B280           00287     BTFSC BOTONB ; No esta reseteado?
0001C8 EF?? F???      00288     GOTO PARES ;No
0001CC 0E47           00289     MOVLW   SIETE  ;Si
MPASM 5.71                   MULTIPLEXOR.ASM   6-19-2023  1:41:49         PAGE  7


LOC  OBJECT CODE     LINE SOURCE TEXT
  VALUE

0001CE 6E8A           00290     MOVWF   LATB
0001D0 EC?? F???      00291     CALL    DELAY_100mS 
0001D4 EC?? F???      00292     CALL    DELAY_100mS
                      00293     
0001D8 A080           00294     BTFSS BOTONC ;Es 1?
0001DA EF?? F???      00295     GOTO PARES ;No
0001DE EF?? F???      00296     GOTO NUEVE_2 ;Si
                      00297     
0001E2                00298 NUEVE_2
0001E2 B480           00299     BTFSC BOTONA ;No esta pausado?
0001E4 EC?? F???      00300     CALL  PAUSA ;No
0001E8 B280           00301     BTFSC BOTONB ; No esta reseteado?
0001EA EF?? F???      00302     GOTO PARES ;No
0001EE 0E67           00303     MOVLW   NUEVE  ;Si
0001F0 6E8A           00304     MOVWF   LATB
0001F2 EC?? F???      00305     CALL    DELAY_100mS 
0001F6 EC?? F???      00306     CALL    DELAY_100mS
                      00307     
0001FA EF?? F???      00308     GOTO MAIN
                      00309     END
MPASM 5.71                   MULTIPLEXOR.ASM   6-19-2023  1:41:49         PAGE  8


SYMBOL TABLE
  LABEL                             VALUE 

?                                 00000000
A                                 00000000
ABDEN                             00000000
ABDOVF                            00000007
ACCESS                            00000000
ACQT0                             00000003
ACQT1                             00000004
ACQT2                             00000005
ACTVIE                            00000002
ACTVIF                            00000002
ADCON0                            00000FC2
ADCON1                            00000FC1
ADCON2                            00000FC0
ADCS0                             00000000
ADCS1                             00000001
ADCS2                             00000002
ADDEN                             00000003
ADDR0                             00000000
ADDR1                             00000001
ADDR2                             00000002
ADDR3                             00000003
ADDR4                             00000004
ADDR5                             00000005
ADDR6                             00000006
ADEN                              00000003
ADFM                              00000007
ADIE                              00000006
ADIF                              00000006
ADIP                              00000006
ADON                              00000000
ADRES                             00000FC3
ADRESH                            00000FC4
ADRESL                            00000FC3
AN0                               00000000
AN1                               00000001
AN10                              00000001
AN11                              00000004
AN12                              00000000
AN2                               00000002
AN3                               00000003
AN4                               00000005
AN5                               00000000
AN6                               00000001
AN7                               00000002
AN8                               00000002
AN9                               00000003
BANKED                            00000001
BAUDCON                           00000FB8
BAUDCTL                           00000FB8
BGST                              00000005
BOR                               00000000
BOTONA                            PORTA,RA2
BOTONB                            PORTA,RA1
MPASM 5.71                   MULTIPLEXOR.ASM   6-19-2023  1:41:49         PAGE  9


SYMBOL TABLE
  LABEL                             VALUE 

BOTONC                            PORTA,RA0
BRG16                             00000003
BRGH                              00000002
BSR                               00000FE0
BTOEE                             00000004
BTOEF                             00000004
BTSEE                             00000007
BTSEF                             00000007
C                                 00000000
CATORCE                           B'01111001'
CATORCE_1                         00000050
CCP1                              00000002
CCP1CON                           00000FBD
CCP1IE                            00000002
CCP1IF                            00000002
CCP1IP                            00000002
CCP1M0                            00000000
CCP1M1                            00000001
CCP1M2                            00000002
CCP1M3                            00000003
CCPR1                             00000FBE
CCPR1H                            00000FBF
CCPR1L                            00000FBE
CERO                              B'00111111'
CERO_1                            0000013E
CFGS                              00000006
CHS0                              00000002
CHS1                              00000003
CHS2                              00000004
CHS3                              00000005
CINCO                             B'01101101'
CINCO_2                           0000019E
CK                                00000006
CRC16EE                           00000002
CRC16EF                           00000002
CRC5EE                            00000001
CRC5EF                            00000001
CREN                              00000004
CSRC                              00000007
CUATRO                            B'01100110'
CUATRO_1                          000000FA
DATOA                             B'00000111'
DC                                00000001
DC1B0                             00000004
DC1B1                             00000005
DDRA                              TRISA
DDRB                              TRISB
DDRC                              TRISC
DDRD                              TRISD
DDRE                              TRISE
DELAY_100mS                       00000002
DELAY_1mS                         00000006
DFN8EE                            00000003
MPASM 5.71                   MULTIPLEXOR.ASM   6-19-2023  1:41:49         PAGE 10


SYMBOL TABLE
  LABEL                             VALUE 

DFN8EF                            00000003
DIEZ                              B'01110111'
DIEZ_1                            00000094
DIR                               00000002
DOCE                              B'00111001'
DOCE_1                            00000072
DONE                              00000001
DOS                               B'01011011'
DOS_1                             0000011C
EECON1                            00000FA6
EECON2                            00000FA7
ENDP0                             00000003
ENDP1                             00000004
ENDP2                             00000005
ENDP3                             00000006
EPCONDIS                          00000003
EPHSHK                            00000004
EPINEN                            00000001
EPOUTEN                           00000002
EPSTALL                           00000000
FAST                              00000001
FERR                              00000002
FREE                              00000004
FRM0                              00000000
FRM1                              00000001
FRM10                             00000002
FRM2                              00000002
FRM3                              00000003
FRM4                              00000004
FRM5                              00000005
FRM6                              00000006
FRM7                              00000007
FRM8                              00000000
FRM9                              00000001
FSEN                              00000002
FSR0                              00000000
FSR0H                             00000FEA
FSR0L                             00000FE9
FSR1                              00000001
FSR1H                             00000FE2
FSR1L                             00000FE1
FSR2                              00000002
FSR2H                             00000FDA
FSR2L                             00000FD9
GIE                               00000007
GIEH                              00000007
GIEL                              00000006
GIE_GIEH                          00000007
GO                                00000001
GO_DONE                           00000001
GO_NOT_DONE                       00000001
HLVDCON                           00000FD2
HLVDEN                            00000004
MPASM 5.71                   MULTIPLEXOR.ASM   6-19-2023  1:41:49         PAGE 11


SYMBOL TABLE
  LABEL                             VALUE 

HLVDIE                            00000002
HLVDIF                            00000002
HLVDIN                            00000005
HLVDIP                            00000002
HLVDL0                            00000000
HLVDL1                            00000001
HLVDL2                            00000002
HLVDL3                            00000003
I                                 0000000C
IDLEIE                            00000004
IDLEIF                            00000004
IDLEN                             00000007
IMPARES                           0000003C
INDF0                             00000FEF
INDF1                             00000FE7
INDF2                             00000FDF
INT0                              00000000
INT0E                             00000004
INT0F                             00000001
INT0IE                            00000004
INT0IF                            00000001
INT1                              00000001
INT1E                             00000003
INT1F                             00000000
INT1IE                            00000003
INT1IF                            00000000
INT1IP                            00000006
INT1P                             00000006
INT2                              00000002
INT2E                             00000004
INT2F                             00000001
INT2IE                            00000004
INT2IF                            00000001
INT2IP                            00000007
INT2P                             00000007
INTCON                            00000FF2
INTCON2                           00000FF1
INTCON3                           00000FF0
INTEDG0                           00000006
INTEDG1                           00000005
INTEDG2                           00000004
IPEN                              00000007
IPR1                              00000F9F
IPR2                              00000FA2
IRVST                             00000005
IVRST                             00000005
J                                 0000000D
KBI0                              00000004
KBI1                              00000005
KBI2                              00000006
KBI3                              00000007
LATA                              00000F89
LATA0                             00000000
MPASM 5.71                   MULTIPLEXOR.ASM   6-19-2023  1:41:49         PAGE 12


SYMBOL TABLE
  LABEL                             VALUE 

LATA1                             00000001
LATA2                             00000002
LATA3                             00000003
LATA4                             00000004
LATA5                             00000005
LATA6                             00000006
LATB                              00000F8A
LATB0                             00000000
LATB1                             00000001
LATB2                             00000002
LATB3                             00000003
LATB4                             00000004
LATB5                             00000005
LATB6                             00000006
LATB7                             00000007
LATC                              00000F8B
LATC0                             00000000
LATC1                             00000001
LATC2                             00000002
LATC6                             00000006
LATC7                             00000007
LATD                              00000F8C
LATD0                             00000000
LATD1                             00000001
LATD2                             00000002
LATD3                             00000003
LATD4                             00000004
LATD5                             00000005
LATD6                             00000006
LATD7                             00000007
LATE                              00000F8D
LATE0                             00000000
LATE1                             00000001
LATE2                             00000002
LVDCON                            00000FD2
LVDEN                             00000004
LVDIE                             00000002
LVDIF                             00000002
LVDIN                             00000005
LVDIP                             00000002
LVDL0                             00000000
LVDL1                             00000001
LVDL2                             00000002
LVDL3                             00000003
LVV0                              00000000
LVV1                              00000001
LVV2                              00000002
LVV3                              00000003
MAIN                              00000032
N                                 00000004
NOT_BOR                           00000000
NOT_DONE                          00000001
NOT_IPEN                          00000007
MPASM 5.71                   MULTIPLEXOR.ASM   6-19-2023  1:41:49         PAGE 13


SYMBOL TABLE
  LABEL                             VALUE 

NOT_PD                            00000002
NOT_POR                           00000001
NOT_RBPU                          00000007
NOT_RI                            00000004
NOT_T1SYNC                        00000002
NOT_TO                            00000003
NOT_UOE                           00000001
NUEVE                             B'01100111'
NUEVE_2                           000001E2
OCHO                              B'01111111'
OCHO_1                            000000B6
OERR                              00000001
OSC2                              00000006
OSCCON                            00000FD3
OSCFIE                            00000007
OSCFIF                            00000007
OSCFIP                            00000007
OSTS                              00000003
OTRA                              0000000C
OV                                00000003
P1A                               00000002
PARES                             00000046
PAUSA                             0000001A
PC                                00000FF9
PCFG0                             00000000
PCFG1                             00000001
PCFG2                             00000002
PCFG3                             00000003
PCL                               00000FF9
PCLATH                            00000FFA
PCLATU                            00000FFB
PD                                00000002
PEIE                              00000006
PEIE_GIEL                         00000006
PGC                               00000006
PGD                               00000007
PGM                               00000005
PIDEE                             00000000
PIDEF                             00000000
PIE1                              00000F9D
PIE2                              00000FA0
PIR1                              00000F9E
PIR2                              00000FA1
PKTDIS                            00000004
PLUSW0                            00000FEB
PLUSW1                            00000FE3
PLUSW2                            00000FDB
POR                               00000001
PORTA                             00000F80
PORTB                             00000F81
PORTC                             00000F82
PORTD                             00000F83
PORTE                             00000F84
MPASM 5.71                   MULTIPLEXOR.ASM   6-19-2023  1:41:49         PAGE 14


SYMBOL TABLE
  LABEL                             VALUE 

POSTDEC0                          00000FED
POSTDEC1                          00000FE5
POSTDEC2                          00000FDD
POSTINC0                          00000FEE
POSTINC1                          00000FE6
POSTINC2                          00000FDE
PPB0                              00000000
PPB1                              00000001
PPBI                              00000001
PPBRST                            00000006
PR2                               00000FCB
PREINC0                           00000FEC
PREINC1                           00000FE4
PREINC2                           00000FDC
PROD                              00000FF3
PRODH                             00000FF4
PRODL                             00000FF3
PSA                               00000003
RA0                               00000000
RA1                               00000001
RA2                               00000002
RA3                               00000003
RA4                               00000004
RA5                               00000005
RA6                               00000006
RB0                               00000000
RB1                               00000001
RB2                               00000002
RB3                               00000003
RB4                               00000004
RB5                               00000005
RB6                               00000006
RB7                               00000007
RBIE                              00000003
RBIF                              00000000
RBIP                              00000000
RBPU                              00000007
RC0                               00000000
RC1                               00000001
RC2                               00000002
RC4                               00000004
RC5                               00000005
RC6                               00000006
RC7                               00000007
RCIDL                             00000006
RCIE                              00000005
RCIF                              00000005
RCIP                              00000005
RCMT                              00000006
RCON                              00000FD0
RCREG                             00000FAE
RCSTA                             00000FAB
RCV                               00000004
MPASM 5.71                   MULTIPLEXOR.ASM   6-19-2023  1:41:49         PAGE 15


SYMBOL TABLE
  LABEL                             VALUE 

RD0                               00000000
RD1                               00000001
RD16                              00000007
RD2                               00000002
RD3                               00000003
RD4                               00000004
RD5                               00000005
RD6                               00000006
RD7                               00000007
RE0                               00000000
RE1                               00000001
RE2                               00000002
RE3                               00000003
RESUME                            00000002
RI                                00000004
RX                                00000007
RX9                               00000006
RX9D                              00000000
RXDTP                             00000005
SBOREN                            00000006
SCKP                              00000004
SCS0                              00000000
SCS1                              00000001
SE0                               00000005
SEIS                              B'01111101'
SEIS_1                            000000D8
SENDB                             00000003
SETTINGS                          00000022
SIETE                             B'01000111'
SIETE_2                           000001C0
SOFIE                             00000006
SOFIF                             00000006
SPBRG                             00000FAF
SPBRGH                            00000FB0
SPEN                              00000007
SREN                              00000005
STALLIE                           00000005
STALLIF                           00000005
STATUS                            00000FD8
STKFUL                            00000007
STKOVF                            00000007
STKPTR                            00000FFC
STKPTR0                           00000000
STKPTR1                           00000001
STKPTR2                           00000002
STKPTR3                           00000003
STKPTR4                           00000004
STKUNF                            00000006
SUSPND                            00000001
SWDTE                             00000000
SWDTEN                            00000000
SYNC                              00000004
T08BIT                            00000006
MPASM 5.71                   MULTIPLEXOR.ASM   6-19-2023  1:41:49         PAGE 16


SYMBOL TABLE
  LABEL                             VALUE 

T0CKI                             00000004
T0CON                             00000FD5
T0CS                              00000005
T0IE                              00000005
T0IF                              00000002
T0IP                              00000002
T0PS0                             00000000
T0PS1                             00000001
T0PS2                             00000002
T0SE                              00000004
T1CKI                             00000000
T1CKPS0                           00000004
T1CKPS1                           00000005
T1CON                             00000FCD
T1OSCEN                           00000003
T1OSI                             00000001
T1OSO                             00000000
T1RUN                             00000006
T1SYNC                            00000002
T2CKPS0                           00000000
T2CKPS1                           00000001
T2CON                             00000FCA
T2OUTPS0                          00000003
T2OUTPS1                          00000004
T2OUTPS2                          00000005
T2OUTPS3                          00000006
TABLAT                            00000FF5
TBLPTR                            00000FF6
TBLPTRH                           00000FF7
TBLPTRL                           00000FF6
TBLPTRU                           00000FF8
TMR0                              00000FD6
TMR0H                             00000FD7
TMR0IE                            00000005
TMR0IF                            00000002
TMR0IP                            00000002
TMR0L                             00000FD6
TMR0ON                            00000007
TMR1                              00000FCE
TMR1CS                            00000001
TMR1H                             00000FCF
TMR1IE                            00000000
TMR1IF                            00000000
TMR1IP                            00000000
TMR1L                             00000FCE
TMR1ON                            00000000
TMR2                              00000FCC
TMR2IE                            00000001
TMR2IF                            00000001
TMR2IP                            00000001
TMR2ON                            00000002
TO                                00000003
TOS                               00000FFD
MPASM 5.71                   MULTIPLEXOR.ASM   6-19-2023  1:41:49         PAGE 17


SYMBOL TABLE
  LABEL                             VALUE 

TOSH                              00000FFE
TOSL                              00000FFD
TOSU                              00000FFF
TRES                              B'01001111'
TRES_2                            0000017C
TRISA                             00000F92
TRISA0                            00000000
TRISA1                            00000001
TRISA2                            00000002
TRISA3                            00000003
TRISA4                            00000004
TRISA5                            00000005
TRISA6                            00000006
TRISB                             00000F93
TRISB0                            00000000
TRISB1                            00000001
TRISB2                            00000002
TRISB3                            00000003
TRISB4                            00000004
TRISB5                            00000005
TRISB6                            00000006
TRISB7                            00000007
TRISC                             00000F94
TRISC0                            00000000
TRISC1                            00000001
TRISC2                            00000002
TRISC6                            00000006
TRISC7                            00000007
TRISD                             00000F95
TRISD0                            00000000
TRISD1                            00000001
TRISD2                            00000002
TRISD3                            00000003
TRISD4                            00000004
TRISD5                            00000005
TRISD6                            00000006
TRISD7                            00000007
TRISE                             00000F96
TRISE0                            00000000
TRISE1                            00000001
TRISE2                            00000002
TRMT                              00000001
TRNIE                             00000003
TRNIF                             00000003
TX                                00000006
TX9                               00000006
TX9D                              00000000
TXCKP                             00000004
TXEN                              00000005
TXIE                              00000004
TXIF                              00000004
TXIP                              00000004
TXREG                             00000FAD
MPASM 5.71                   MULTIPLEXOR.ASM   6-19-2023  1:41:49         PAGE 18


SYMBOL TABLE
  LABEL                             VALUE 

TXSTA                             00000FAC
UADDR                             00000F6E
UCFG                              00000F6F
UCON                              00000F6D
UEIE                              00000F6B
UEIR                              00000F6A
UEP0                              00000F70
UEP1                              00000F71
UEP10                             00000F7A
UEP11                             00000F7B
UEP12                             00000F7C
UEP13                             00000F7D
UEP14                             00000F7E
UEP15                             00000F7F
UEP2                              00000F72
UEP3                              00000F73
UEP4                              00000F74
UEP5                              00000F75
UEP6                              00000F76
UEP7                              00000F77
UEP8                              00000F78
UEP9                              00000F79
UERRIE                            00000001
UERRIF                            00000001
UFRM                              00000F66
UFRMH                             00000F67
UFRML                             00000F66
UIE                               00000F69
UIR                               00000F68
UNO                               B'00000110'
UNO_2                             0000015A
UOE                               00000001
UOEMON                            00000006
UPUEN                             00000004
URSTIE                            00000000
URSTIF                            00000000
USBEN                             00000003
USBIE                             00000005
USBIF                             00000005
USBIP                             00000005
USTAT                             00000F6C
UTEYE                             00000007
UTRDIS                            00000003
VCFG0                             00000004
VCFG1                             00000005
VDIRMAG                           00000007
VMO                               00000002
VPO                               00000003
VREFM                             00000002
VREFP                             00000003
W                                 00000000
WDTCON                            00000FD1
WR                                00000001
MPASM 5.71                   MULTIPLEXOR.ASM   6-19-2023  1:41:49         PAGE 19


SYMBOL TABLE
  LABEL                             VALUE 

WREG                              00000FE8
WREN                              00000002
WRERR                             00000003
WUE                               00000001
Z                                 00000002
_BBSIZ_BB1K_4L                    000000F7
_BBSIZ_BB2K_4L                    000000FF
_BORV_21_2L                       000000FF
_BORV_28_2L                       000000F7
_BORV_43_2L                       000000EF
_BORV_46_2L                       000000E7
_BOR_OFF_2L                       000000F9
_BOR_ON_2L                        000000FF
_BOR_ON_ACTIVE_2L                 000000FD
_BOR_SOFT_2L                      000000FB
_CONFIG1H                         00300001
_CONFIG1L                         00300000
_CONFIG2H                         00300003
_CONFIG2L                         00300002
_CONFIG3H                         00300005
_CONFIG4L                         00300006
_CONFIG5H                         00300009
_CONFIG5L                         00300008
_CONFIG6H                         0030000B
_CONFIG6L                         0030000A
_CONFIG7H                         0030000D
_CONFIG7L                         0030000C
_CP0_OFF_5L                       000000FF
_CP0_ON_5L                        000000FE
_CP1_OFF_5L                       000000FF
_CP1_ON_5L                        000000FD
_CPB_OFF_5H                       000000FF
_CPB_ON_5H                        000000BF
_CPUDIV_OSC1_PLL2_1L              000000E7
_CPUDIV_OSC2_PLL3_1L              000000EF
_CPUDIV_OSC3_PLL4_1L              000000F7
_CPUDIV_OSC4_PLL6_1L              000000FF
_DEBUG_OFF_4L                     000000FF
_DEBUG_ON_4L                      0000007F
_DEVID1                           003FFFFE
_DEVID2                           003FFFFF
_EBTR0_OFF_7L                     000000FF
_EBTR0_ON_7L                      000000FE
_EBTR1_OFF_7L                     000000FF
_EBTR1_ON_7L                      000000FD
_EBTRB_OFF_7H                     000000FF
_EBTRB_ON_7H                      000000BF
_FCMEN_OFF_1H                     000000BF
_FCMEN_ON_1H                      000000FF
_FOSC_ECIO_EC_1H                  000000F4
_FOSC_ECPLLIO_EC_1H               000000F6
_FOSC_ECPLL_EC_1H                 000000F7
_FOSC_EC_EC_1H                    000000F5
MPASM 5.71                   MULTIPLEXOR.ASM   6-19-2023  1:41:49         PAGE 20


SYMBOL TABLE
  LABEL                             VALUE 

_FOSC_HSPLL_HS_1H                 000000FE
_FOSC_HS_1H                       000000FC
_FOSC_INTOSCIO_EC_1H              000000F8
_FOSC_INTOSC_EC_1H                000000F9
_FOSC_INTOSC_HS_1H                000000FB
_FOSC_INTOSC_XT_1H                000000FA
_FOSC_XTPLL_XT_1H                 000000F2
_FOSC_XT_XT_1H                    000000F0
_ICPRT_OFF_4L                     000000DF
_ICPRT_ON_4L                      000000FF
_IDLOC0                           00200000
_IDLOC1                           00200001
_IDLOC2                           00200002
_IDLOC3                           00200003
_IDLOC4                           00200004
_IDLOC5                           00200005
_IDLOC6                           00200006
_IDLOC7                           00200007
_IESO_OFF_1H                      0000007F
_IESO_ON_1H                       000000FF
_LPT1OSC_OFF_3H                   000000FB
_LPT1OSC_ON_3H                    000000FF
_LVP_OFF_4L                       000000FB
_LVP_ON_4L                        000000FF
_MCLRE_OFF_3H                     0000007F
_MCLRE_ON_3H                      000000FF
_PBADEN_OFF_3H                    000000FD
_PBADEN_ON_3H                     000000FF
_PLLDIV_10_1L                     000000FE
_PLLDIV_12_1L                     000000FF
_PLLDIV_1_1L                      000000F8
_PLLDIV_2_1L                      000000F9
_PLLDIV_3_1L                      000000FA
_PLLDIV_4_1L                      000000FB
_PLLDIV_5_1L                      000000FC
_PLLDIV_6_1L                      000000FD
_PWRT_OFF_2L                      000000FF
_PWRT_ON_2L                       000000FE
_STVREN_OFF_4L                    000000FE
_STVREN_ON_4L                     000000FF
_USBDIV_1_1L                      000000DF
_USBDIV_2_1L                      000000FF
_VREGEN_OFF_2L                    000000DF
_VREGEN_ON_2L                     000000FF
_WDTPS_1024_2H                    000000F5
_WDTPS_128_2H                     000000EF
_WDTPS_16384_2H                   000000FD
_WDTPS_16_2H                      000000E9
_WDTPS_1_2H                       000000E1
_WDTPS_2048_2H                    000000F7
_WDTPS_256_2H                     000000F1
_WDTPS_2_2H                       000000E3
_WDTPS_32768_2H                   000000FF
MPASM 5.71                   MULTIPLEXOR.ASM   6-19-2023  1:41:49         PAGE 21


SYMBOL TABLE
  LABEL                             VALUE 

_WDTPS_32_2H                      000000EB
_WDTPS_4096_2H                    000000F9
_WDTPS_4_2H                       000000E5
_WDTPS_512_2H                     000000F3
_WDTPS_64_2H                      000000ED
_WDTPS_8192_2H                    000000FB
_WDTPS_8_2H                       000000E7
_WDT_OFF_2H                       000000FE
_WDT_ON_2H                        000000FF
_WRT0_OFF_6L                      000000FF
_WRT0_ON_6L                       000000FE
_WRT1_OFF_6L                      000000FF
_WRT1_ON_6L                       000000FD
_WRTB_OFF_6H                      000000FF
_WRTB_ON_6H                       000000BF
_WRTC_OFF_6H                      000000FF
_WRTC_ON_6H                       000000DF
_XINST_OFF_4L                     000000BF
_XINST_ON_4L                      000000FF
__18F4550                         00000001

Errors   :     0
Warnings :     2 reported,     0 suppressed
Messages :     1 reported,     0 suppressed

