MPASM 5.71                       ASCDESC.ASM   6-19-2023  3:11:05         PAGE  1


LOC  OBJECT CODE     LINE SOURCE TEXT
  VALUE

                      00001 #include "p18F4450.inc"    
                      00001         LIST
                      00002 
                      00003 ;==========================================================================
                      00004 ; Build date : Nov 17 2016
                      00005 ;  MPASM PIC18F4450 processor include
                      00006 ; 
                      00007 ;  (c) Copyright 1999-2016 Microchip Technology, All rights reserved
                      00008 ;==========================================================================
                      00009 
Message[301]: MESSAGE: (Processor-header file mismatch.  Verify selected processor.)
                      01455         LIST
                      00002 
                      00003 
                      00004 ; CONFIG1L
                      00005   CONFIG  PLLDIV = 1            ; PLL Prescaler Selection bits (No prescale (4 MHz oscillator input driv
                            es PLL directly))
                      00006   CONFIG  CPUDIV = OSC1_PLL2    ; System Clock Postscaler Selection bits ([Primary Oscillator Src: /1][9
                            6 MHz PLL Src: /2])
                      00007   CONFIG  USBDIV = 1            ; USB Clock Selection bit (used in Full-Speed USB mode only; UCFG:FSEN =
                             1) (USB clock source comes directly from the primary oscillator block with no postscale)
                      00008 
                      00009 ; CONFIG1H
                      00010   CONFIG  FOSC = INTOSCIO_EC    ; Oscillator Selection bits (Internal oscillator, port function on RA6, 
                            EC used by USB (INTIO))
                      00011   CONFIG  FCMEN = OFF           ; Fail-Safe Clock Monitor Enable bit (Fail-Safe Clock Monitor disabled)
                      00012   CONFIG  IESO = OFF            ; Internal/External Oscillator Switchover bit (Oscillator Switchover mod
                            e disabled)
                      00013 
                      00014 ; CONFIG2L
                      00015   CONFIG  PWRT = ON             ; Power-up Timer Enable bit (PWRT enabled)
                      00016   CONFIG  BOR = OFF             ; Brown-out Reset Enable bits (Brown-out Reset disabled in hardware and 
                            software)
                      00017   CONFIG  BORV = 3              ; Brown-out Reset Voltage bits (Minimum setting)
                      00018   CONFIG  VREGEN = OFF          ; USB Voltage Regulator Enable bit (USB voltage regulator disabled)
                      00019 
                      00020 ; CONFIG2H
                      00021   CONFIG  WDT = OFF             ; Watchdog Timer Enable bit (WDT disabled (control is placed on the SWDT
                            EN bit))
                      00022   CONFIG  WDTPS = 32768         ; Watchdog Timer Postscale Select bits (1:3276?
                      00023 
                      00024 ; CONFIG3H
                      00025   CONFIG  CCP2MX = ON           ; CCP2 MUX bit (CCP2 input/output is multiplexed with RC1)
                      00026   CONFIG  PBADEN = OFF          ; PORTB A/D Enable bit (PORTB<4:0> pins are configured as digital I/O on
                             Reset)
                      00027   CONFIG  LPT1OSC = OFF         ; Low-Power Timer 1 Oscillator Enable bit (Timer1 configured for higher 
                            power operation)
                      00028   CONFIG  MCLRE = ON            ; MCLR Pin Enable bit (MCLR pin enabled; RE3 input pin disabled)
                      00029 
                      00030 ; CONFIG4L
                      00031   CONFIG  STVREN = ON           ; Stack Full/Underflow Reset Enable bit (Stack full/underflow will cause
                             Reset)
                      00032   CONFIG  LVP = OFF             ; Single-Supply ICSP Enable bit (Single-Supply ICSP disabled)
MPASM 5.71                       ASCDESC.ASM   6-19-2023  3:11:05         PAGE  2


LOC  OBJECT CODE     LINE SOURCE TEXT
  VALUE

                      00033   CONFIG  ICPRT = OFF           ; Dedicated In-Circuit Debug/Programming Port (ICPORT) Enable bit (ICPOR
                            T disabled)
                      00034   CONFIG  XINST = OFF           ; Extended Instruction Set Enable bit (Instruction set extension and Ind
                            exed Addressing mode disabled (Legacy mode))
                      00035 
                      00036 ; CONFIG5L
                      00037   CONFIG  CP0 = OFF             ; Code Protection bit (Block 0 (000800-001FFFh) is not code-protected)
                      00038   CONFIG  CP1 = OFF             ; Code Protection bit (Block 1 (002000-003FFFh) is not code-protected)
                      00039   CONFIG  CP2 = OFF             ; Code Protection bit (Block 2 (004000-005FFFh) is not code-protected)
                      00040 
                      00041 ; CONFIG5H
                      00042   CONFIG  CPB = OFF             ; Boot Block Code Protection bit (Boot block (000000-0007FFh) is not cod
                            e-protected)
                      00043   CONFIG  CPD = OFF             ; Data EEPROM Code Protection bit (Data EEPROM is not code-protected)
                      00044 
                      00045 ; CONFIG6L
                      00046   CONFIG  WRT0 = OFF            ; Write Protection bit (Block 0 (000800-001FFFh) is not write-protected)
                      00047   CONFIG  WRT1 = OFF            ; Write Protection bit (Block 1 (002000-003FFFh) is not write-protected)
                      00048   CONFIG  WRT2 = OFF            ; Write Protection bit (Block 2 (004000-005FFFh) is not write-protected)
                      00049 
                      00050 ; CONFIG6H
                      00051   CONFIG  WRTC = OFF            ; Configuration Register Write Protection bit (Configuration registers (
                            300000-3000FFh) are not write-protected)
                      00052   CONFIG  WRTB = OFF            ; Boot Block Write Protection bit (Boot block (000000-0007FFh) is not wr
                            ite-protected)
                      00053   CONFIG  WRTD = OFF            ; Data EEPROM Write Protection bit (Data EEPROM is not write-protected)
                      00054 
                      00055 ; CONFIG7L
                      00056   CONFIG  EBTR0 = OFF           ; Table Read Protection bit (Block 0 (000800-001FFFh) is not protected f
                            rom table reads executed in other blocks)
000000                00057 ?
                      00058   
                      00059 #DEFINE BTN1    PORTE,0
                      00060 #DEFINE BTN2    PORTE,1
                      00061 #DEFINE CERO    B'00111111'
                      00062 #DEFINE UNO     B'00000110'
                      00063 #DEFINE DOS     B'01011011'
                      00064 #DEFINE TRES    B'01001111'
                      00065   
Warning[205]: Found directive in column 1. (CBLOCK)
                      00066 CBLOCK  .13
  0000000D            00067     CONT
  0000000E            00068     MAX
  0000000F            00069     LESS
  00000010            00070     I
  00000011            00071     J
  00000012            00072     I2
  00000013            00073     J2
  00000014            00074     NO2
  00000015            00075     NO
                      00076  ENDC
                      00077 
                      00078   ORG .0
MPASM 5.71                       ASCDESC.ASM   6-19-2023  3:11:05         PAGE  3


LOC  OBJECT CODE     LINE SOURCE TEXT
  VALUE

000000 D???           00079   BRA SETTINGS
                      00080   
Warning[207]: Found label after column 1. (TABLA)
000002                00081   TABLA
000002 26F9           00082     ADDWF   PCL,F
000004 0C3F           00083     RETLW   CERO
000006 0C06           00084     RETLW   UNO
000008 0C5B           00085     RETLW   DOS
00000A 0C4F           00086     RETLW   TRES
                      00087     
                      00088 
00000C                00089 DELAY_100MS
00000C 0E46           00090     MOVLW   .70 ;1CM
00000E 6E14           00091     MOVWF   NO2 ;1CM
000010 0000           00092     NOP 
000012                00093 OTRA4
000012 2E14           00094     DECFSZ  NO2 ;1CM(N-1)+2CM
000014 EF?? F???      00095     GOTO    OTRA4   ;2CM(N-1)   ;1+3N=194 N=64
000018 0E69           00096     MOVLW   .105    ;1CM
00001A 6E13           00097     MOVWF   J2  ;1 CM
00001C                00098 DELAY_1MS2
00001C 0E4D           00099     MOVLW   .77 ;M(1CM)
00001E 6E12           00100     MOVWF   I2  ;M(1 CM)
000020 0000           00101     NOP         ;M(1CM)
000022                00102 OTRA3
000022 2E12           00103     DECFSZ  I2,F        ;(1CM(K-1)+2CM)M
000024 D???           00104     BRA     OTRA3;(2CM(K-1))M
000026 2E13           00105     DECFSZ  J2,F        ;(1CM(M-1)+2CM
000028 D???           00106     BRA     DELAY_1MS2;(2CM(M-1))
00002A 0012           00107     RETURN      ;2CM
                      00108     
                      00109     
00002C                00110 DELAY_10MS
00002C 0E0B           00111     MOVLW   .11 ;1CM
00002E 6E15           00112     MOVWF   NO  ;1CM
000030 0000           00113     NOP 
000032                00114 OTRA2
000032 2E15           00115     DECFSZ  NO  ;1CM(N-1)+2CM
000034 EF?? F???      00116     GOTO    OTRA2   ;2CM(N-1)   ;1+3N=194 N=64
000038 0E0A           00117     MOVLW   .10 ;1CM
00003A 6E11           00118     MOVWF   J   ;1 CM
00003C                00119 DELAY_1mS
00003C 0E4D           00120     MOVLW   .77 ;M(1CM)
00003E 6E10           00121     MOVWF   I   ;M(1 CM)
000040 0000           00122     NOP         ;M(1CM)
000042                00123 OTRA
000042 2E10           00124     DECFSZ  I,F ;(1CM(K-1)+2CM)M
000044 D???           00125     BRA     OTRA;(2CM(K-1))M
000046 2E11           00126     DECFSZ  J,F ;(1CM(M-1)+2CM
000048 D???           00127     BRA     DELAY_1mS;(2CM(M-1))
00004A 0012           00128     RETURN      ;2CM 
                      00129   
00004C                00130 SETTINGS
MPASM 5.71                       ASCDESC.ASM   6-19-2023  3:11:05         PAGE  4


LOC  OBJECT CODE     LINE SOURCE TEXT
  VALUE

00004C 6A84           00131     CLRF    PORTE
00004E 6896           00132     SETF    TRISE
000050 0E0F           00133     MOVLW   H'0F'
000052 6EC1           00134     MOVWF   ADCON1
000054 0E07           00135     MOVLW   .7
000056 6A8A           00136     CLRF    LATB
000058 6A93           00137     CLRF    TRISB
00005A 0E03           00138     MOVLW   .3
00005C 6E0E           00139     MOVWF   MAX
00005E 0E00           00140     MOVLW   .0
000060 6E0F           00141     MOVWF   LESS
000062                00142 PONCERO
000062 0E00           00143     MOVLW   .0
000064 6E0D           00144     MOVWF   CONT
000066 500D           00145     MOVF    CONT,W
000068 44E8           00146     RLNCF   WREG,W
00006A EC?? F???      00147     CALL    TABLA
00006E 6E8A           00148     MOVWF   LATB
                      00149     
000070                00150 MAIN
000070 500D           00151     MOVF    CONT,W
000072 44E8           00152     RLNCF   WREG,W
000074 EC?? F???      00153     CALL    TABLA
000078 6E8A           00154     MOVWF   LATB
                      00155  ;   BTFSS   BTN1;TOCARON BTN1?
                      00156   ;  GOTO    MAIN
                      00157    ; GOTO    SOLTAR
                      00158     
                      00159     
00007A                00160 PREGUNTA
00007A B084           00161   BTFSC     BTN1 ;aumenta 1     ;¿YA TE PRESIONARON?¿VALES 0? RESISTOR PULL UP
00007C EF?? F???      00162   GOTO      PREGUNTA2   ;NO
000080 EF?? F???      00163   GOTO  SOLTAR
                      00164 
                      00165   
000084                00166 PREGUNTA2
000084 A284           00167   BTFSS     BTN2        ;¿YA TE PRESIONARON?¿VALES 1? RESISTOR PULL DOWN
000086 EF?? F???      00168   GOTO      PREGUNTA    ;NO
00008A EF?? F???      00169   GOTO  SOLTAR2
                      00170   
                      00171   
00008E                00172 SOLTAR
00008E EC?? F???      00173     CALL    DELAY_10MS
000092 B084           00174     BTFSC   BTN1;SOLTARON BTN1?
000094 EF?? F???      00175     GOTO    SOLTAR
000098 EF?? F???      00176     GOTO    INC
                      00177     
00009C                00178 SOLTAR2
00009C EC?? F???      00179     CALL    DELAY_10MS
0000A0 A284           00180     BTFSS   BTN2;SOLTARON BTN2?
0000A2 EF?? F???      00181     GOTO    SOLTAR2
0000A6 EF?? F???      00182     GOTO    INC_L
0000AA                00183 INC
MPASM 5.71                       ASCDESC.ASM   6-19-2023  3:11:05         PAGE  5


LOC  OBJECT CODE     LINE SOURCE TEXT
  VALUE

0000AA 500D           00184     MOVF    CONT,W
0000AC 620E           00185     CPFSEQ  MAX
0000AE EF?? F???      00186     GOTO    SIGUE
0000B2 EF?? F???      00187     GOTO    MAIN
                      00188 
0000B6                00189 INC_L
0000B6 0E0D           00190     MOVLW    CONT
0000B8 6400           00191     CPFSGT  .0
0000BA EF?? F???      00192     GOTO    ATRAS
0000BE EF?? F???      00193     GOTO    PREGUNTA
                      00194     
0000C2                00195 SIGUE
                      00196 
0000C2 2A0D           00197     INCF    CONT
0000C4 500D           00198     MOVF    CONT,W
0000C6 44E8           00199     RLNCF   WREG,W
0000C8 EC?? F???      00200     CALL    TABLA
0000CC 6E8A           00201     MOVWF   LATB
0000CE EC?? F???      00202     CALL    DELAY_100MS
0000D2 EC?? F???      00203     CALL    DELAY_100MS
0000D6 EC?? F???      00204     CALL    DELAY_100MS
0000DA EC?? F???      00205     CALL    DELAY_100MS
0000DE EC?? F???      00206     CALL    DELAY_100MS
0000E2 EF?? F???      00207     GOTO    PREGUNTA
0000E6                00208 ATRAS
0000E6 060D           00209     DECF    CONT
0000E8 500D           00210     MOVF    CONT,W
0000EA 44E8           00211     RLNCF   WREG,W
0000EC EC?? F???      00212     CALL    TABLA
0000F0 6E8A           00213     MOVWF   LATB
0000F2 EC?? F???      00214     CALL    DELAY_100MS
0000F6 EC?? F???      00215     CALL    DELAY_100MS
0000FA EC?? F???      00216     CALL    DELAY_100MS
0000FE EC?? F???      00217     CALL    DELAY_100MS
000102 EC?? F???      00218     CALL    DELAY_100MS
000106 EF?? F???      00219     GOTO    PREGUNTA
                      00220 
                      00221     
                      00222     END
MPASM 5.71                       ASCDESC.ASM   6-19-2023  3:11:05         PAGE  6


SYMBOL TABLE
  LABEL                             VALUE 

?                                 00000000
A                                 00000000
ABDEN                             00000000
ABDOVF                            00000007
ACCESS                            00000000
ACQT0                             00000003
ACQT1                             00000004
ACQT2                             00000005
ACTVIE                            00000002
ACTVIF                            00000002
ADCON0                            00000FC2
ADCON1                            00000FC1
ADCON2                            00000FC0
ADCS0                             00000000
ADCS1                             00000001
ADCS2                             00000002
ADDEN                             00000003
ADDR0                             00000000
ADDR1                             00000001
ADDR2                             00000002
ADDR3                             00000003
ADDR4                             00000004
ADDR5                             00000005
ADDR6                             00000006
ADEN                              00000003
ADFM                              00000007
ADIE                              00000006
ADIF                              00000006
ADIP                              00000006
ADON                              00000000
ADRES                             00000FC3
ADRESH                            00000FC4
ADRESL                            00000FC3
AN0                               00000000
AN1                               00000001
AN10                              00000001
AN11                              00000004
AN12                              00000000
AN2                               00000002
AN3                               00000003
AN4                               00000005
AN5                               00000000
AN6                               00000001
AN7                               00000002
AN8                               00000002
AN9                               00000003
ATRAS                             000000E6
BANKED                            00000001
BAUDCON                           00000FB8
BAUDCTL                           00000FB8
BGST                              00000005
BOR                               00000000
BRG16                             00000003
MPASM 5.71                       ASCDESC.ASM   6-19-2023  3:11:05         PAGE  7


SYMBOL TABLE
  LABEL                             VALUE 

BRGH                              00000002
BSR                               00000FE0
BTN1                              PORTE,0
BTN2                              PORTE,1
BTOEE                             00000004
BTOEF                             00000004
BTSEE                             00000007
BTSEF                             00000007
C                                 00000000
CCP1                              00000002
CCP1CON                           00000FBD
CCP1IE                            00000002
CCP1IF                            00000002
CCP1IP                            00000002
CCP1M0                            00000000
CCP1M1                            00000001
CCP1M2                            00000002
CCP1M3                            00000003
CCPR1                             00000FBE
CCPR1H                            00000FBF
CCPR1L                            00000FBE
CERO                              B'00111111'
CFGS                              00000006
CHS0                              00000002
CHS1                              00000003
CHS2                              00000004
CHS3                              00000005
CK                                00000006
CONT                              0000000D
CRC16EE                           00000002
CRC16EF                           00000002
CRC5EE                            00000001
CRC5EF                            00000001
CREN                              00000004
CSRC                              00000007
DC                                00000001
DC1B0                             00000004
DC1B1                             00000005
DDRA                              TRISA
DDRB                              TRISB
DDRC                              TRISC
DDRD                              TRISD
DDRE                              TRISE
DELAY_100MS                       0000000C
DELAY_10MS                        0000002C
DELAY_1MS2                        0000001C
DELAY_1mS                         0000003C
DFN8EE                            00000003
DFN8EF                            00000003
DIR                               00000002
DONE                              00000001
DOS                               B'01011011'
EECON1                            00000FA6
MPASM 5.71                       ASCDESC.ASM   6-19-2023  3:11:05         PAGE  8


SYMBOL TABLE
  LABEL                             VALUE 

EECON2                            00000FA7
ENDP0                             00000003
ENDP1                             00000004
ENDP2                             00000005
ENDP3                             00000006
EPCONDIS                          00000003
EPHSHK                            00000004
EPINEN                            00000001
EPOUTEN                           00000002
EPSTALL                           00000000
FAST                              00000001
FERR                              00000002
FREE                              00000004
FRM0                              00000000
FRM1                              00000001
FRM10                             00000002
FRM2                              00000002
FRM3                              00000003
FRM4                              00000004
FRM5                              00000005
FRM6                              00000006
FRM7                              00000007
FRM8                              00000000
FRM9                              00000001
FSEN                              00000002
FSR0                              00000000
FSR0H                             00000FEA
FSR0L                             00000FE9
FSR1                              00000001
FSR1H                             00000FE2
FSR1L                             00000FE1
FSR2                              00000002
FSR2H                             00000FDA
FSR2L                             00000FD9
GIE                               00000007
GIEH                              00000007
GIEL                              00000006
GIE_GIEH                          00000007
GO                                00000001
GO_DONE                           00000001
GO_NOT_DONE                       00000001
HLVDCON                           00000FD2
HLVDEN                            00000004
HLVDIE                            00000002
HLVDIF                            00000002
HLVDIN                            00000005
HLVDIP                            00000002
HLVDL0                            00000000
HLVDL1                            00000001
HLVDL2                            00000002
HLVDL3                            00000003
I                                 00000010
I2                                00000012
MPASM 5.71                       ASCDESC.ASM   6-19-2023  3:11:05         PAGE  9


SYMBOL TABLE
  LABEL                             VALUE 

IDLEIE                            00000004
IDLEIF                            00000004
IDLEN                             00000007
INC                               000000AA
INC_L                             000000B6
INDF0                             00000FEF
INDF1                             00000FE7
INDF2                             00000FDF
INT0                              00000000
INT0E                             00000004
INT0F                             00000001
INT0IE                            00000004
INT0IF                            00000001
INT1                              00000001
INT1E                             00000003
INT1F                             00000000
INT1IE                            00000003
INT1IF                            00000000
INT1IP                            00000006
INT1P                             00000006
INT2                              00000002
INT2E                             00000004
INT2F                             00000001
INT2IE                            00000004
INT2IF                            00000001
INT2IP                            00000007
INT2P                             00000007
INTCON                            00000FF2
INTCON2                           00000FF1
INTCON3                           00000FF0
INTEDG0                           00000006
INTEDG1                           00000005
INTEDG2                           00000004
IPEN                              00000007
IPR1                              00000F9F
IPR2                              00000FA2
IRVST                             00000005
IVRST                             00000005
J                                 00000011
J2                                00000013
KBI0                              00000004
KBI1                              00000005
KBI2                              00000006
KBI3                              00000007
LATA                              00000F89
LATA0                             00000000
LATA1                             00000001
LATA2                             00000002
LATA3                             00000003
LATA4                             00000004
LATA5                             00000005
LATA6                             00000006
LATB                              00000F8A
MPASM 5.71                       ASCDESC.ASM   6-19-2023  3:11:05         PAGE 10


SYMBOL TABLE
  LABEL                             VALUE 

LATB0                             00000000
LATB1                             00000001
LATB2                             00000002
LATB3                             00000003
LATB4                             00000004
LATB5                             00000005
LATB6                             00000006
LATB7                             00000007
LATC                              00000F8B
LATC0                             00000000
LATC1                             00000001
LATC2                             00000002
LATC6                             00000006
LATC7                             00000007
LATD                              00000F8C
LATD0                             00000000
LATD1                             00000001
LATD2                             00000002
LATD3                             00000003
LATD4                             00000004
LATD5                             00000005
LATD6                             00000006
LATD7                             00000007
LATE                              00000F8D
LATE0                             00000000
LATE1                             00000001
LATE2                             00000002
LESS                              0000000F
LVDCON                            00000FD2
LVDEN                             00000004
LVDIE                             00000002
LVDIF                             00000002
LVDIN                             00000005
LVDIP                             00000002
LVDL0                             00000000
LVDL1                             00000001
LVDL2                             00000002
LVDL3                             00000003
LVV0                              00000000
LVV1                              00000001
LVV2                              00000002
LVV3                              00000003
MAIN                              00000070
MAX                               0000000E
N                                 00000004
NO                                00000015
NO2                               00000014
NOT_BOR                           00000000
NOT_DONE                          00000001
NOT_IPEN                          00000007
NOT_PD                            00000002
NOT_POR                           00000001
NOT_RBPU                          00000007
MPASM 5.71                       ASCDESC.ASM   6-19-2023  3:11:05         PAGE 11


SYMBOL TABLE
  LABEL                             VALUE 

NOT_RI                            00000004
NOT_T1SYNC                        00000002
NOT_TO                            00000003
NOT_UOE                           00000001
OERR                              00000001
OSC2                              00000006
OSCCON                            00000FD3
OSCFIE                            00000007
OSCFIF                            00000007
OSCFIP                            00000007
OSTS                              00000003
OTRA                              00000042
OTRA2                             00000032
OTRA3                             00000022
OTRA4                             00000012
OV                                00000003
P1A                               00000002
PC                                00000FF9
PCFG0                             00000000
PCFG1                             00000001
PCFG2                             00000002
PCFG3                             00000003
PCL                               00000FF9
PCLATH                            00000FFA
PCLATU                            00000FFB
PD                                00000002
PEIE                              00000006
PEIE_GIEL                         00000006
PGC                               00000006
PGD                               00000007
PGM                               00000005
PIDEE                             00000000
PIDEF                             00000000
PIE1                              00000F9D
PIE2                              00000FA0
PIR1                              00000F9E
PIR2                              00000FA1
PKTDIS                            00000004
PLUSW0                            00000FEB
PLUSW1                            00000FE3
PLUSW2                            00000FDB
PONCERO                           00000062
POR                               00000001
PORTA                             00000F80
PORTB                             00000F81
PORTC                             00000F82
PORTD                             00000F83
PORTE                             00000F84
POSTDEC0                          00000FED
POSTDEC1                          00000FE5
POSTDEC2                          00000FDD
POSTINC0                          00000FEE
POSTINC1                          00000FE6
MPASM 5.71                       ASCDESC.ASM   6-19-2023  3:11:05         PAGE 12


SYMBOL TABLE
  LABEL                             VALUE 

POSTINC2                          00000FDE
PPB0                              00000000
PPB1                              00000001
PPBI                              00000001
PPBRST                            00000006
PR2                               00000FCB
PREGUNTA                          0000007A
PREGUNTA2                         00000084
PREINC0                           00000FEC
PREINC1                           00000FE4
PREINC2                           00000FDC
PROD                              00000FF3
PRODH                             00000FF4
PRODL                             00000FF3
PSA                               00000003
RA0                               00000000
RA1                               00000001
RA2                               00000002
RA3                               00000003
RA4                               00000004
RA5                               00000005
RA6                               00000006
RB0                               00000000
RB1                               00000001
RB2                               00000002
RB3                               00000003
RB4                               00000004
RB5                               00000005
RB6                               00000006
RB7                               00000007
RBIE                              00000003
RBIF                              00000000
RBIP                              00000000
RBPU                              00000007
RC0                               00000000
RC1                               00000001
RC2                               00000002
RC4                               00000004
RC5                               00000005
RC6                               00000006
RC7                               00000007
RCIDL                             00000006
RCIE                              00000005
RCIF                              00000005
RCIP                              00000005
RCMT                              00000006
RCON                              00000FD0
RCREG                             00000FAE
RCSTA                             00000FAB
RCV                               00000004
RD0                               00000000
RD1                               00000001
RD16                              00000007
MPASM 5.71                       ASCDESC.ASM   6-19-2023  3:11:05         PAGE 13


SYMBOL TABLE
  LABEL                             VALUE 

RD2                               00000002
RD3                               00000003
RD4                               00000004
RD5                               00000005
RD6                               00000006
RD7                               00000007
RE0                               00000000
RE1                               00000001
RE2                               00000002
RE3                               00000003
RESUME                            00000002
RI                                00000004
RX                                00000007
RX9                               00000006
RX9D                              00000000
RXDTP                             00000005
SBOREN                            00000006
SCKP                              00000004
SCS0                              00000000
SCS1                              00000001
SE0                               00000005
SENDB                             00000003
SETTINGS                          0000004C
SIGUE                             000000C2
SOFIE                             00000006
SOFIF                             00000006
SOLTAR                            0000008E
SOLTAR2                           0000009C
SPBRG                             00000FAF
SPBRGH                            00000FB0
SPEN                              00000007
SREN                              00000005
STALLIE                           00000005
STALLIF                           00000005
STATUS                            00000FD8
STKFUL                            00000007
STKOVF                            00000007
STKPTR                            00000FFC
STKPTR0                           00000000
STKPTR1                           00000001
STKPTR2                           00000002
STKPTR3                           00000003
STKPTR4                           00000004
STKUNF                            00000006
SUSPND                            00000001
SWDTE                             00000000
SWDTEN                            00000000
SYNC                              00000004
T08BIT                            00000006
T0CKI                             00000004
T0CON                             00000FD5
T0CS                              00000005
T0IE                              00000005
MPASM 5.71                       ASCDESC.ASM   6-19-2023  3:11:05         PAGE 14


SYMBOL TABLE
  LABEL                             VALUE 

T0IF                              00000002
T0IP                              00000002
T0PS0                             00000000
T0PS1                             00000001
T0PS2                             00000002
T0SE                              00000004
T1CKI                             00000000
T1CKPS0                           00000004
T1CKPS1                           00000005
T1CON                             00000FCD
T1OSCEN                           00000003
T1OSI                             00000001
T1OSO                             00000000
T1RUN                             00000006
T1SYNC                            00000002
T2CKPS0                           00000000
T2CKPS1                           00000001
T2CON                             00000FCA
T2OUTPS0                          00000003
T2OUTPS1                          00000004
T2OUTPS2                          00000005
T2OUTPS3                          00000006
TABLA                             00000002
TABLAT                            00000FF5
TBLPTR                            00000FF6
TBLPTRH                           00000FF7
TBLPTRL                           00000FF6
TBLPTRU                           00000FF8
TMR0                              00000FD6
TMR0H                             00000FD7
TMR0IE                            00000005
TMR0IF                            00000002
TMR0IP                            00000002
TMR0L                             00000FD6
TMR0ON                            00000007
TMR1                              00000FCE
TMR1CS                            00000001
TMR1H                             00000FCF
TMR1IE                            00000000
TMR1IF                            00000000
TMR1IP                            00000000
TMR1L                             00000FCE
TMR1ON                            00000000
TMR2                              00000FCC
TMR2IE                            00000001
TMR2IF                            00000001
TMR2IP                            00000001
TMR2ON                            00000002
TO                                00000003
TOS                               00000FFD
TOSH                              00000FFE
TOSL                              00000FFD
TOSU                              00000FFF
MPASM 5.71                       ASCDESC.ASM   6-19-2023  3:11:05         PAGE 15


SYMBOL TABLE
  LABEL                             VALUE 

TRES                              B'01001111'
TRISA                             00000F92
TRISA0                            00000000
TRISA1                            00000001
TRISA2                            00000002
TRISA3                            00000003
TRISA4                            00000004
TRISA5                            00000005
TRISA6                            00000006
TRISB                             00000F93
TRISB0                            00000000
TRISB1                            00000001
TRISB2                            00000002
TRISB3                            00000003
TRISB4                            00000004
TRISB5                            00000005
TRISB6                            00000006
TRISB7                            00000007
TRISC                             00000F94
TRISC0                            00000000
TRISC1                            00000001
TRISC2                            00000002
TRISC6                            00000006
TRISC7                            00000007
TRISD                             00000F95
TRISD0                            00000000
TRISD1                            00000001
TRISD2                            00000002
TRISD3                            00000003
TRISD4                            00000004
TRISD5                            00000005
TRISD6                            00000006
TRISD7                            00000007
TRISE                             00000F96
TRISE0                            00000000
TRISE1                            00000001
TRISE2                            00000002
TRMT                              00000001
TRNIE                             00000003
TRNIF                             00000003
TX                                00000006
TX9                               00000006
TX9D                              00000000
TXCKP                             00000004
TXEN                              00000005
TXIE                              00000004
TXIF                              00000004
TXIP                              00000004
TXREG                             00000FAD
TXSTA                             00000FAC
UADDR                             00000F6E
UCFG                              00000F6F
UCON                              00000F6D
MPASM 5.71                       ASCDESC.ASM   6-19-2023  3:11:05         PAGE 16


SYMBOL TABLE
  LABEL                             VALUE 

UEIE                              00000F6B
UEIR                              00000F6A
UEP0                              00000F70
UEP1                              00000F71
UEP10                             00000F7A
UEP11                             00000F7B
UEP12                             00000F7C
UEP13                             00000F7D
UEP14                             00000F7E
UEP15                             00000F7F
UEP2                              00000F72
UEP3                              00000F73
UEP4                              00000F74
UEP5                              00000F75
UEP6                              00000F76
UEP7                              00000F77
UEP8                              00000F78
UEP9                              00000F79
UERRIE                            00000001
UERRIF                            00000001
UFRM                              00000F66
UFRMH                             00000F67
UFRML                             00000F66
UIE                               00000F69
UIR                               00000F68
UNO                               B'00000110'
UOE                               00000001
UOEMON                            00000006
UPUEN                             00000004
URSTIE                            00000000
URSTIF                            00000000
USBEN                             00000003
USBIE                             00000005
USBIF                             00000005
USBIP                             00000005
USTAT                             00000F6C
UTEYE                             00000007
UTRDIS                            00000003
VCFG0                             00000004
VCFG1                             00000005
VDIRMAG                           00000007
VMO                               00000002
VPO                               00000003
VREFM                             00000002
VREFP                             00000003
W                                 00000000
WDTCON                            00000FD1
WR                                00000001
WREG                              00000FE8
WREN                              00000002
WRERR                             00000003
WUE                               00000001
Z                                 00000002
MPASM 5.71                       ASCDESC.ASM   6-19-2023  3:11:05         PAGE 17


SYMBOL TABLE
  LABEL                             VALUE 

_BBSIZ_BB1K_4L                    000000F7
_BBSIZ_BB2K_4L                    000000FF
_BORV_21_2L                       000000FF
_BORV_28_2L                       000000F7
_BORV_43_2L                       000000EF
_BORV_46_2L                       000000E7
_BOR_OFF_2L                       000000F9
_BOR_ON_2L                        000000FF
_BOR_ON_ACTIVE_2L                 000000FD
_BOR_SOFT_2L                      000000FB
_CONFIG1H                         00300001
_CONFIG1L                         00300000
_CONFIG2H                         00300003
_CONFIG2L                         00300002
_CONFIG3H                         00300005
_CONFIG4L                         00300006
_CONFIG5H                         00300009
_CONFIG5L                         00300008
_CONFIG6H                         0030000B
_CONFIG6L                         0030000A
_CONFIG7H                         0030000D
_CONFIG7L                         0030000C
_CP0_OFF_5L                       000000FF
_CP0_ON_5L                        000000FE
_CP1_OFF_5L                       000000FF
_CP1_ON_5L                        000000FD
_CPB_OFF_5H                       000000FF
_CPB_ON_5H                        000000BF
_CPUDIV_OSC1_PLL2_1L              000000E7
_CPUDIV_OSC2_PLL3_1L              000000EF
_CPUDIV_OSC3_PLL4_1L              000000F7
_CPUDIV_OSC4_PLL6_1L              000000FF
_DEBUG_OFF_4L                     000000FF
_DEBUG_ON_4L                      0000007F
_DEVID1                           003FFFFE
_DEVID2                           003FFFFF
_EBTR0_OFF_7L                     000000FF
_EBTR0_ON_7L                      000000FE
_EBTR1_OFF_7L                     000000FF
_EBTR1_ON_7L                      000000FD
_EBTRB_OFF_7H                     000000FF
_EBTRB_ON_7H                      000000BF
_FCMEN_OFF_1H                     000000BF
_FCMEN_ON_1H                      000000FF
_FOSC_ECIO_EC_1H                  000000F4
_FOSC_ECPLLIO_EC_1H               000000F6
_FOSC_ECPLL_EC_1H                 000000F7
_FOSC_EC_EC_1H                    000000F5
_FOSC_HSPLL_HS_1H                 000000FE
_FOSC_HS_1H                       000000FC
_FOSC_INTOSCIO_EC_1H              000000F8
_FOSC_INTOSC_EC_1H                000000F9
_FOSC_INTOSC_HS_1H                000000FB
MPASM 5.71                       ASCDESC.ASM   6-19-2023  3:11:05         PAGE 18


SYMBOL TABLE
  LABEL                             VALUE 

_FOSC_INTOSC_XT_1H                000000FA
_FOSC_XTPLL_XT_1H                 000000F2
_FOSC_XT_XT_1H                    000000F0
_ICPRT_OFF_4L                     000000DF
_ICPRT_ON_4L                      000000FF
_IDLOC0                           00200000
_IDLOC1                           00200001
_IDLOC2                           00200002
_IDLOC3                           00200003
_IDLOC4                           00200004
_IDLOC5                           00200005
_IDLOC6                           00200006
_IDLOC7                           00200007
_IESO_OFF_1H                      0000007F
_IESO_ON_1H                       000000FF
_LPT1OSC_OFF_3H                   000000FB
_LPT1OSC_ON_3H                    000000FF
_LVP_OFF_4L                       000000FB
_LVP_ON_4L                        000000FF
_MCLRE_OFF_3H                     0000007F
_MCLRE_ON_3H                      000000FF
_PBADEN_OFF_3H                    000000FD
_PBADEN_ON_3H                     000000FF
_PLLDIV_10_1L                     000000FE
_PLLDIV_12_1L                     000000FF
_PLLDIV_1_1L                      000000F8
_PLLDIV_2_1L                      000000F9
_PLLDIV_3_1L                      000000FA
_PLLDIV_4_1L                      000000FB
_PLLDIV_5_1L                      000000FC
_PLLDIV_6_1L                      000000FD
_PWRT_OFF_2L                      000000FF
_PWRT_ON_2L                       000000FE
_STVREN_OFF_4L                    000000FE
_STVREN_ON_4L                     000000FF
_USBDIV_1_1L                      000000DF
_USBDIV_2_1L                      000000FF
_VREGEN_OFF_2L                    000000DF
_VREGEN_ON_2L                     000000FF
_WDTPS_1024_2H                    000000F5
_WDTPS_128_2H                     000000EF
_WDTPS_16384_2H                   000000FD
_WDTPS_16_2H                      000000E9
_WDTPS_1_2H                       000000E1
_WDTPS_2048_2H                    000000F7
_WDTPS_256_2H                     000000F1
_WDTPS_2_2H                       000000E3
_WDTPS_32768_2H                   000000FF
_WDTPS_32_2H                      000000EB
_WDTPS_4096_2H                    000000F9
_WDTPS_4_2H                       000000E5
_WDTPS_512_2H                     000000F3
_WDTPS_64_2H                      000000ED
MPASM 5.71                       ASCDESC.ASM   6-19-2023  3:11:05         PAGE 19


SYMBOL TABLE
  LABEL                             VALUE 

_WDTPS_8192_2H                    000000FB
_WDTPS_8_2H                       000000E7
_WDT_OFF_2H                       000000FE
_WDT_ON_2H                        000000FF
_WRT0_OFF_6L                      000000FF
_WRT0_ON_6L                       000000FE
_WRT1_OFF_6L                      000000FF
_WRT1_ON_6L                       000000FD
_WRTB_OFF_6H                      000000FF
_WRTB_ON_6H                       000000BF
_WRTC_OFF_6H                      000000FF
_WRTC_ON_6H                       000000DF
_XINST_OFF_4L                     000000BF
_XINST_ON_4L                      000000FF
__18F4550                         00000001

Errors   :     0
Warnings :     2 reported,     0 suppressed
Messages :     1 reported,     0 suppressed

